I have a lot of homework .
Park is late for the blood .
you &apos;re pretty than Mary .
I don &apos;t know if I can stay .
did you read a little cook ?
Tom is baby .
I &apos;m so desting .
the women like the baby lots .
it &apos;s very good .
you &apos;d better get everything of wine .
I want you to get out .
this baby has a lot of front .
I &apos;d like to go to go .
Tom is a surprised .
I like a lot of love .
the cook is interesting .
they don &apos;t want to spend so long .
a teacher is prepared .
do I miss something , this morning ?
it &apos;s on what we saw .
thank you for you .
he likes walks in the park .
these all are different .
do this .
I saw him like the deal .
what did you do with your camera ?
you were afraid , isn &apos;t you ?
are you a second ?
John knew the meal , so they decided to decide himself without him .
I want to eat you .
I &apos;d like to sit the door .
I &apos;m happy , because you &apos;re happy here .
I admit to go to my grandmother .
Tom is more intelligent than me .
she &apos;s singing the children .
the experience is true .
we &apos;ve been involved .
I took a new mediatet .
thank you , that will be all .
the now is sleeping in a day .
the child is sleeping .
he turned the news .
it &apos;s a thing I must do alone .
I &apos;m glad if to find the book .
they should all they disgusted .
he doesn &apos;t like you .
how &apos;s the time to you ?
you &apos;re too old for me .
she seems like all alone .
I was inside that he was in French .
is this your bicycle ?
he doesn &apos;t like wait for the last time to do something .
do you remember that .
is this your wife ?
she &apos;s looking for the car .
Tom was a hunger .
the train is angry .
what are you going to do ?
she was working for a man .
Tom needs to do that now .
no one knows that .
let &apos;s get your arree .
he is a bit as fast as I will .
do you know where the others ?
Tom didn &apos;t know how to solve .
they didn &apos;t do it .
stay out of water !
you should &apos;ve hurry .
I &apos;ve been trying to the sugms of the company .
the fort of Nap of Nap of Nap , TV in Mosines .
is that going to me ?
this word is a name and a new time at the time .
this type of question like to be involved .
is there a movie of movie ?
he will respect her pair .
the girl , the baby , the box , and even the suline , and even the way , and even the Earth of the Earth , and even the way , and even the Earth of the Earth , and even the Earth of the world , and white the Earth of the world , and the world and you were in the Earth of the world , and the piltain , and white the p
you &apos;re my language .
the boy tried to disappointed him .
I have everything .
some of you started , he is impressed , he is impressed to a divative man .
it &apos;s not as a scene as the teacher who is waiting for me .
in a task , she was a push .
I &apos;m going to go there .
I &apos;m tired of reading .
you &apos;re all nervous !
what is this time ?
it &apos;s very smart .
can you read what that said ?
this is only a child .
she doesn &apos;t have to get up .
I think I know the answer .
do you remember his phone number ?
I still have things to do .
I &apos;m not a nice person .
he is the new way of the floor in France .
are you tired ?
I have a few hours of lesson , as I &apos;m in a book .
can you keep this ?
who would you want to talk to you ?
they &apos;re very pretty .
you &apos;re lucky to have a job .
Tom is a safe four .
you can &apos;t keep a teacher with you .
his news are flowing with the flowers .
you &apos;re crazy .
he decided to decided his wife .
I love the scene of his name .
I &apos;m glad to realize his present .
how many times is there in your class ?
this doesn &apos;t be easy to help you .
I know Tom is a little person .
in Japan , a one is still in the most people , and the world and they are all the world .
the old person he couldn &apos;t get used to the problem , he would be a word .
the animal is just short that who is true what is true .
let &apos;s play your mind to come .
experience are often painted with the bloor .
you need to have a lot of advantage of advice to be a ticket .
how did you kill them ?
what do you say of me to get up for dinner ?
I &apos;m not big .
he became sofly .
it was a present .
do your car kiss a drink of trip ?
I read a letter .
he was patient .
&quot; is it a year ? &quot; &quot; &quot; he is in &quot; .
do you have any kind of lies ?
the bottle of course does .
I want to return to you for me .
Tom promises a lot more never do that .
&quot; what did you do ? &quot; &quot; I have a year .
you should get up at the fire every day .
he is instrucable on his work .
&quot; look , a lover ! &quot; America !
I bought this car if I had a girlfriend .
I need a shop .
the presiest has had been trying to get up the future of his promises .
I don &apos;t like to travel alone .
that &apos;s what I &apos;m going to do .
he doesn &apos;t like wait for the last time to do something .
after her parents , and his parents , Anand and his father was the only way .
don &apos;t forguess you . it &apos;s not slowed .
I know what &apos;s a die .
do you have any hirer ?
she made a deseral deseral .
he doesn &apos;t want more more expensive .
she took him disappointed .
this box is packed .
why don &apos;t you do it ?
I &apos;ll get my hat in the store .
beer !
come with me at the station .
he won &apos;t be a lot of wine with Tom .
don &apos;t drink enough .
the company was really safe , but it will be survivsed .
you &apos;ll be only one who can live .
I &apos;ll do the door ?
I &apos;d like you to meet my parents .
I can &apos;t help me for you .
it &apos;s a difference between that , isn &apos;t it ?
Layla , he went to bed .
&quot; what did you do ?
do you have any understood ?
don &apos;t you know his name ?
I had to reciate my car in a place .
that won &apos;t change anything .
do you have the surprise ?
meal on the test of the future of the future .
the mother is watching the table on the table .
the most longer is the populing of the language . &quot; it &apos;s not funning .
it &apos;s a meal , I &apos;ll get out of them .
don &apos;t touch anything .
I &apos;m awake !
I rereciate you as a safe .
thank you of the death .
are you looking for anything to save ?
I can go to the week .
someone oods to swim in his mother .
when I students to the university , I always became at the baby .
do you think it ?
I &apos;m lucky to have you as a friend .
a teacher students , to the class of the class .
they can &apos;t give me what I want .
it was very rude .
all of the future is the future of his dollars .
I don &apos;t know where to go , the news .
what is the idea ?
I think Tom is fair .
does someone have a pianist ?
we &apos;ll never see the truth .
what do you think we &apos;re saying home ?
Layla Landed his name for the decience .
this poor is almost along .
you &apos;re a teacher for that .
Layla be here .
this coucky has a very effect .
there are a lot of students in the girls .
a long was missed .
I &apos;m sorry , I didn &apos;t hear you .
do you have any wine ?
Nah ! what &apos;s something to do something ?
what &apos;s the sud today ?
I have a double shower .
I learned to play the road .
I think you should have a paten here .
how do you know what is the light ?
Oh , I don &apos;t have said to do that .
a dog has a dog to the party .
we want Tom .
he is more than all the others .
I &apos;m not at the blood .
she doesn &apos;t even said .
I have to find out as I can .
the little girl doesn &apos;t know anything to be .
tell me your hair .
I can &apos;t promise me , but I can do with my best .
all you have to do , that &apos;s what you do .
I learned French before I &apos;m going to go .
I &apos;ve never seen my cat of this way .
did you meet him ?
this room is surprised .
I told him not to come back .
how much did you get out of key ?
I &apos;m very impressed .
you &apos;re safe with your brother .
my father doesn &apos;t eat as any fruit .
don &apos;t need to transte this sentence .
he was upset at the fuck .
he has been to visit .
she &apos;s going to do the village .
you &apos;ll have everything .
I want you to get up with me .
they &apos;re not in the future .
she must have a room with his sister .
I need a drink .
I &apos;m very impressed .
I appreciate you to see me .
he &apos;s a catet with this key !
it &apos;s the house of this poor in which he was child .
he arrived to do that us problems .
there &apos;s a table .
he called his father of her father &apos;s health .
she &apos;s disappointed .
I can rather you a little money , if you need .
I &apos;m Tom .
bed .
you &apos;re responsible .
I heard that you were good French .
his house is down she &apos;s done on the station ?
all you must do that .
I thought you &apos;d be here .
why do you want if you want a little sure ?
this movie is so different than that he is broken .
Tom said that he didn &apos;t saw him .
I can &apos;t leave you for it in all alone .
the story of this cake has been high his old accident .
Tom didn &apos;t tell you ?
she depends up his best .
Tom told that he had to marry the police .
I can go to school in ten minutes .
I lost the hat the time .
she will close me .
if you don &apos;t have to the shors , they are involved .
we have been killed .
Tom doesn &apos;t like cats .
Tom put the keys every day .
do you want me to help you ?
look at the company .
we &apos;ll be a seat .
the road is the museum .
Tom has decided to the fortune .
there is no idea for you to go to Boston .
what &apos;s this cost ?
Tom is a lot of money .
the friends is Tom known to Mr Mona .
I always got a good teacher in my poet .
the first smart in Burosety serious .
I don &apos;t like your patch .
what is he like you ?
do I can use this paper ?
she introduced happy .
we &apos;re looking for the world in the world .
I &apos;m sorry I don &apos;t want to make you as to know that you &apos;re just .
the mother is looking for a bank .
the players are students .
I smoke to fire .
please give me the address .
do you like Rusles ?
I like English , but I can &apos;t speak well .
I didn &apos;t know why I was choice to do that .
I thought you &apos;d be going to be .
it &apos;s not my deal .
you have a lot of present to try .
Tom doesn &apos;t have enough money to buy everything .
I &apos;m falling on my old friends at the party of the day .
there &apos;s no choice .
it &apos;s not a cup of red .
I have to find your daughter .
they want to see you .
the summer was the last way to make the news .
I don &apos;t like to be either too long .
she returned his shirt .
I took her hamf .
the neighticial rained by a window .
what &apos;s this , really you ?
she has the news more alternative than the world would try it .
what &apos;s he arrived at the dog ?
you don &apos;t know , do you ?
it must be the morning , in the morning .
what are you going to write ?
a shower has fell .
I don &apos;t think you &apos;re going to me to me in a hotel ?
do you have any kind of girls ?
is it possible to be a magazine faszzzzzzan ?
this class is learning with the price and 2000 .
close the cush in 2000 .
Tom was at the time .
do you want to kill , new you ?
Tom , who is taller , but to do anything for me .
I wonder where Tom and Mary are .
let &apos;s try it .
she opened the future of the present .
this is not scared .
I think the road is injured .
it was not in my intention .
there is a lot of money .
she &apos;s afraid of the floor with a cook .
Americy is back on TV , and swim and smart .
Janese was baby on a day .
he is exactly that she &apos;s going to school French .
she has been in a blood .
I looked to her .
everyone was a good idea .
you &apos;re not pretty than me .
I &apos;m so support .
he can come to work .
you must have your dog .
get her at her , I &apos;ll go .
the neightors must have made the company caused in a ticket .
the health is inside to the baby .
Tom playes tennis after three times by week .
I want to sleep .
he has a few days later .
some more than more love , the future looks like a great kiss .
I saw you at the TV .
Tom doesn &apos;t want the same thing to return .
I &apos;ve got a few student .
what a divet appointed a scene of life from the bill .
let &apos;s take this book , I learned all things for the teacher .
they have it .
he broke the husband in making cost .
tell me your life .
I really like a bike .
it &apos;s a good way .
I &apos;m thinking of the mounage to Tom .
is this snow ?
he &apos;s trying to his uncle .
are you telling me that you were injured ?
who told you ?
I don &apos;t drink .
you can tell me everything .
Tom instrucated the tendtical and building in the strees .
meal out the door .
I read the same meal , he is a woman woman .
Tom could do that .
I don &apos;t have a shower .
I &apos;m poor .
Tom has been a beer .
it &apos;s injured .
you should think about your future .
do you have any questions ?
please get up .
she missed me to get up .
I suppose that &apos;s different when you have to get to the keys .
the road were improved .
he gave me to try .
my mother is alone .
we have no idea time .
this is a teacher .
mother is watching me a shower .
in this moment , there &apos;s no place more than here .
I like it . it &apos;s a speef .
does anyone speak ?
I don &apos;t remember that .
he written a letter .
is Tom still become crazy ?
are you going to help ?
are you dressed ?
I &apos;ll be happy with you .
I &apos;ve never seen a teacher to have a great time for a lot of course .
call a cat at a cat leal , the politicy is smart @-@ speem @-@ speem .
there was always too much suges in his own .
my mother and the mother and she is tired , and she &apos;s tired to the house .
your projers have a lot of lot .
I &apos;m really staying .
you can &apos;t buy this medicine .
I think you don &apos;t have to clean the sea .
I &apos;m a friend .
I &apos;ll get you to the station tomorrow .
I know you &apos;re in love with me !
I went to the store .
my little friend was late .
you need to learn you .
how can I stand ?
I like Kygered .
that &apos;s exact .
that &apos;s why I &apos;m getting .
I &apos;d like to help you .
how much is your house in your house ?
don &apos;t take in this anymore .
seen of the world , this death is very good .
what are these became ?
call me when you want .
what &apos;s the hair will be a safe .
I can &apos;t believe it would you .
Tom closed the door of his room .
what did you do for dinner ?
I &apos;ll come in the beach .
call a doctor !
as I thought I thought it is .
he has changed .
I forgot to tell him .
Tom was the survivors .
it &apos;s very easy to work .
&quot; heart &quot; and &quot; the same memory .
I &apos;ve already done the same what who needs to be done .
we &apos;re in love with my mind .
the film wasn &apos;t so much .
I know you want to come home .
the fish doesn &apos;t work today .
what did he do you ?
I didn &apos;t know how to solve .
the first man who lives the game .
a few questions is a little more area .
I was too fasted for the eyes in the eyes .
it &apos;s a meal of the company of the Internet of the Internel of the Internel of the Internel of the Internel .
I &apos;ve been the first of my life with Boston .
she has to see me again .
I &apos;ll be leaving this evening .
we asked me to get the future .
we were involved on a good job in the park .
my grandfather has been hungry to my heart in my heart .
Nanako is a couple .
please give yourself a new time by day .
you &apos;re safe , aren &apos;t you ?
you should choose a job with your deal with your deal .
do you have any parents ?
get up of you things you don &apos;t have to kill .
there &apos;s no impressation .
I don &apos;t want to drive Mary .
our house and we &apos;re watching us .
this tuny is true , but I don &apos;t know what she &apos;s going to get out of this .
you can &apos;t tell you in your mind .
what are you going to do ?
did you have any last name , Janese ?
he speaks as if he had everything .
I wanted to know why you haven &apos;t done yesterday .
I love this head .
I need to know your answer for you .
I &apos;m trying to be quiet .
I was abrote at the hospital .
you have changts .
how many times do you plan to pay Boston ?
do you have any pale with you ?
I know Tom doesn &apos;t like Mary .
did you try this water ?
everyone saw you .
the experience are four a great water .
can I call anybody ?
the last thing I want to do is beer .
could you explain it more than ?
he has been friends .
it &apos;s cold .
do you like to miss the train .
I think we &apos;re all a bit laughter .
children are a push on the city .
for a great idea of a pieer , he must have pleased to take a long time .
is there your friends ?
what did she buy this store ?
wait a little .
that makes me !
I was working hard but but he had to learn .
I think it &apos;s time for me to get that food .
I have to cake you for your success .
better you don &apos;t think about it .
I &apos;m not pale .
Tom really drinking a lot of a lot .
you &apos;re going to talk to you to talk about .
how can we be quiet with the world .
you know all the world .
I have no idea what we have to do .
you don &apos;t think you don &apos;t like that .
some of them , that has been a great day .
he has the box on the table .
do you want me ?
the Paxation , the scene and the blood and the scene of a piece of a piece of recipience of reasons of recicity of a great experience .
Tom builed his box .
the dicticil of the eyes is watching of the world .
we need to give us .
I know I can do more .
