I have a few people .
American is angry .
you &apos;re pretty than Mary .
I don &apos;t know if I can stay .
did you read a little cook ?
Tom is sick .
I &apos;m so bad .
women have plenty of trouble .
it &apos;s very good .
you &apos;d better find everything .
I want you to get out .
this baby has a strange .
I &apos;d like to go to go .
Tom is a surprised .
I like a lot of love .
the car is interesting .
they don &apos;t know so long .
a teacher allowed .
do I miss something , this morning ?
it &apos;s on what we saw .
thank you .
he likes walks in the park .
these shoes are different .
do it out here .
I saw him like the meeting .
what did you do with your camera ?
you were afraid , isn &apos;t you ?
are you a second ?
John knew the glasses , so they decded .
I want to eat you .
I &apos;d like to ask up the door .
I &apos;m happy , because you &apos;re happy here .
I &apos;m looking forward to my grandmother .
Tom is more than me .
she sings her children .
the experience is true .
we were surprised .
I took a walk .
thank you , that will be all .
the now is sleeping a day .
the child is sleeping .
he filled alone .
there &apos;s something I must do alone .
I succeeded to find the book .
they should find anything .
he doesn &apos;t like you .
how is the time to you ?
you &apos;re too old for me .
she seems like better .
I was taken what he was in French .
is this your bicycle ?
he doesn &apos;t like wait for work for something .
call this .
is this your wife ?
she &apos;s looking for the car .
Tom was a hunger .
the train is angry .
what are you going to do
she was working for a man .
Tom needs to do that now .
no one knows that .
let &apos;s get your tree .
he &apos;s a little smart .
do you know where the others
Tom didn &apos;t know how to solve .
they didn &apos;t do it .
stay out of water !
you should &apos;ve hurry .
I appreciate the manager .
the fort of Nort of Nap of my keys .
is it going to me ?
this word is a name and one of the time .
this type of chance to be involved .
is there a movie of movie
he will respect his poor .
the whole girl , the scene , and even the Earth , and even the Earth , and even the Earth , and even the Earth , and even the Earth , and even the way , and even the Earth of the Earth , and even the Earth of the Earth , and the Earth of the meeting , and the whole city , and the Earth of the meeting , and
you &apos;re my language .
the boy tried to marry the key .
I have everything .
in a lot of view , but he is impressed for a speech .
it &apos;s not as heavy as the theater .
no one could be a meal , she was a painting .
I &apos;m going to go there .
I &apos;m tired of reading .
you &apos;re all nervous !
what is this time ?
that &apos;s terrible .
can you read what that said ?
this is only a child .
she doesn &apos;t have to get up .
I think I know the answer .
do you remember his phone number ?
I still have things to do .
I &apos;m not a crazy .
he &apos;s the future of the floor .
are you tired ?
I have a few number , as I wrote a book .
can you keep this ?
who would you want to talk to you ?
they &apos;re very pretty .
you &apos;re lucky to have a job .
Tom is a safe .
you can &apos;t get involved you .
his news are back to the followers .
you &apos;re crazy .
he decided to decide his wife .
I love the horse of his name .
I &apos;m satisfied with her teacher .
how many times is there in your class ?
this doesn &apos;t be easy to help you
I know Tom is a little person .
in Japan in Japanese is a natural woman , and the hotel and deal , and they are all the world .
if he didn &apos;t have to solve the only one of this way .
the others can &apos;t solve this who is true .
swimming of you .
experience are often painted with your eyes .
you need to have a lot to be a lot of view .
how did you kill them ?
what do you say to join me ?
I &apos;m not big .
he became back .
it was a present .
do your car kiss a bottle ?
I read a letter .
he was patient .
&quot; ?
do you have any kind of lies ?
the bottle fell away .
I want to ask you for me .
Tom promise no longer never do that .
&quot; what did you do ?
you should get up at the fire every day .
he &apos;s instructed on his work .
&quot; look .
I bought this car if I had a girlfriend .
I need a movie .
the presiest has had been trying to make the future of his promises .
I don &apos;t like to travel alone .
that &apos;s what I &apos;ll do .
he doesn &apos;t like wait for work for something .
after the park of his parents , Anand and his father was the only way .
don &apos;t ask you .
I know what &apos;s a die .
did you go to the sky ?
she lived a life .
he doesn &apos;t want more sense .
she discovered him .
that &apos;s a great killed .
why don &apos;t you do it ?
I &apos;d like my hat .
beer !
come with me at the station .
he won &apos;t be pleased with Tom .
no one of them .
the company was really smart , but it would be it .
you &apos;ll be anybody to you .
I &apos;ll do the door ?
I &apos;d like you to meet my parents .
I can &apos;t help me for you .
it &apos;s a difference bet, isn &apos;t
Layla , he went to bed .
&quot; what did you do ?
did you understood ?
don &apos;t you know his name ?
I had to make my car in a place .
that won &apos;t change anything .
do you have surprised ?
let &apos;s hurt the future on the future .
the mother is watching on the table .
the most populor of the world is astest .
it &apos;s going to swim as I am .
don &apos;t touch anything .
I &apos;m sorry !
I &apos;ll meet you as a safe .
thank you .
are you looking for dinner ?
I can go to the week .
someone &apos;s going to swim in his mother .
when I went to the university , I still have difficulty years old .
do you think it ?
I &apos;m lucky to be like you .
the fuck students on the class .
they can &apos;t give me what I want .
it was very rude .
all the fact , the test appointed .
I don &apos;t know where I think .
what is the idea ?
I think Tom is awake .
when did anyone hear me ?
we &apos;ll never help the truth .
what are you thinking about me ?
Layla took his name for the future .
this poor is almost pretty .
you &apos;re in trouble .
Layla be here .
this coucky has a very effect .
there are a lot of students in the girls .
a long was killed .
I &apos;m sorry , I didn &apos;t hear you .
is it all you like ?
my grandmother is afraid of a good thing ?
what &apos;s the sud today ?
I have a shower .
I learned to play the road .
I think you should get out of here .
how did you get better ?
Oh , I don &apos;t have said to do that .
a dog fell to the party .
we want Tom .
he is more than all the teacher .
I &apos;m not allowed .
she doesn &apos;t even said .
I have to get ready .
the little girl doesn &apos;t know anything .
tell me your hair .
I can &apos;t promise anyone , but I can do with my best .
all you must do , this is telling this sentence .
I learned French before to go .
I &apos;ve never seen my cat .
did you meet him ?
this room .
I told him not to come back .
how much did you get away ?
I &apos;m very dressed .
you remember your brother .
my father don &apos;t eat any fruit .
don &apos;t need to buy this sentence .
he was upset .
he hope TV .
she &apos;s going to do it .
you love you everything .
I want you to get up with me .
they &apos;re not in bed .
she must buy a room with his sister .
I need a drink .
I &apos;m very dressed .
I appreciate you to see me .
he was a ticket .
it &apos;s the house of the house that he was child .
he arrived to do that problems .
there &apos;s a table .
he called his father of his father &apos;s health .
she &apos;s disappointed .
I can tell you a little money , if you need .
I &apos;m Tom .
bed .
you &apos;re responsible .
I heard that you were good French .
his house is it on the station ?
all you must do that .
I thought you &apos;d be here .
why would you forget if nothing about you ?
this movie is so better than it is broken .
Tom said that he didn &apos;t saw him .
I can &apos;t let you go there at all alone .
the story of this baby is drunk from 20 .
Tom didn &apos;t tell you ?
she missed her tears .
Tom told that he knew the police .
I can go to school in ten minutes .
I lost the same time .
she closed the door .
if you don &apos;t have to swim , they are free .
we lost .
Tom doesn &apos;t like cats .
Tom shoes up every day .
do you want me to help you ?
look at the company .
we &apos;ll get out of me .
the road is the museum .
Tom has decided .
there is no idea for you to go to Boston .
what &apos;s this lives ?
Tom is a lot of money .
the love of Tom has known her money .
I always got a good teacher in my poet .
the scene fell to swim .
I don &apos;t like break .
what is he like you ?
do I can use this paper ?
she opened the different .
we &apos;ll visit the world in the world .
I &apos;m sorry .
the mother is looking for a bank .
the players are students .
I smoke .
please give me the address .
do you like cats ?
I like English , but I can &apos;t speak well .
I didn &apos;t know why I had no choice to do that .
I thought you &apos;d like to be .
that &apos;s not my girlfriend .
you have a decision to try .
Tom doesn &apos;t have enough money to buy everything .
I stayed on my old friends at the party .
there &apos;s no choice .
it &apos;s not a cute .
I don &apos;t have here .
they want to see you .
the summer was the last man to make it .
I don &apos;t like be paid too long .
she returned his shirt .
I took him .
the neighement covered by a window .
what ?
she proposed the future of the future of everybody .
what is the dog ?
you don &apos;t know , do you ?
it must be the morning , in the morning .
what are you going to write ?
a ticket fell .
I don &apos;t think you &apos;re going to go to me .
do you have any kind of girls ?
is it possible to be a natural paper ?
this class is learning to killed his family .
let &apos;s walk in 203 .
Tom was at the time .
do you want to kill , new you ?
Tom , who is taller , but to do anything for me .
I wonder where Tom and Mary are .
let &apos;s try it .
she opened the future of the present .
that &apos;s not worth .
I think the road will swim .
it was not in my best .
there is a lot of money .
she &apos;s afraid of the floor with a cook .
Americy is on TV on TV , and .
Japanese often safe on a day .
it &apos;s not what she &apos;s going to school French .
she has been in a past .
I looked up .
everyone was a good idea .
you &apos;re not pretty than me .
I &apos;m so bad .
he can come there .
you must keep your dog .
please show her .
the neighbors were going to make a trip of the hotel .
the health is inside to work .
Tom played tennis after three times .
I want to sleep .
he took a few days later .
though , the future , the future looks like a big number .
I saw you in TV TV .
Tom doesn &apos;t want the same thing .
I have a few plain .
this manager succeeded an experience of life .
let &apos;s take this book , I learned this job .
they got him .
he broke the half in this cost .
tell me your life .
I like dogs .
it &apos;s a good way .
I &apos;m sorry to go to Tom .
is this beer ?
he has his uncle .
are you creen who forced me ?
who told you ?
I don &apos;t drink .
you can tell me everything .
Tom introduced clean and building in the village .
send the door .
I read the teacher , he is a woman woman .
Tom could do that .
I don &apos;t have any old .
I &apos;m poor .
Tom looked a beer .
it &apos;s inside .
you should think about your future .
do you have any questions ?
please get up .
she missed me beer .
I guess it &apos;s different when you have to go to me .
the news were swimming .
he gave me to try .
my mother is alone .
we have no idea time .
this is a teacher .
mother came to do a lie .
in the moment there is no place more than here .
I like it .
does anyone study ?
I don &apos;t remember that .
he written a letter .
is Tom crying ?
do you like ?
are you dressed ?
I &apos;ll be happy with you .
I &apos;ve never seen a teacher because I &apos;d get out for a lot of course .
let &apos;s call a cat at a cat at the political America .
there was always too much wearing in his own .
my mother and my mother is tired , and she went to the house .
your projers have a lot .
I &apos;m really staying .
you can &apos;t buy this chance .
I think you don &apos;t have to get up .
I &apos;m a friend .
I &apos;ll get you to the station tomorrow .
I know you &apos;re in love with me
I went in trouble .
my father was angry .
you need to learn you .
how am I supposed to eat ?
I like trouble thirty .
that &apos;s exact .
that &apos;s why I sent you .
I &apos;d like to help you .
how much is your house in your house ?
don &apos;t touch this anymore .
seen more than French , that looks very good .
what are these cards ?
call me when you want .
those who were broken @-@ deo .
I can &apos;t believe he lived you .
Tom closed the door of his room .
what did you do for dinner ?
I &apos;ll wait in the news .
call a doctor !
as I thought I thought it is .
he has changed .
I forgot to tell him .
Tom was the survivors .
it &apos;s very easy to work .
&quot; heart and &quot; all the same teacher .
I &apos;ve already done the same thing to be done .
we &apos;re in love .
the film wasn &apos;t so much .
I know you want to come home .
the fish doesn &apos;t work today .
what did he do you ?
I didn &apos;t know how to solve .
the whole man who lives the news .
a few questions is a little longer .
I was too fasted for the eyes in the eyes .
it &apos;s funning to the sky of the Internet of the Internel of the Internel .
I played the window of my life .
she has to see me again .
I &apos;ll be leaving tonight .
we asked me to get out .
we broke to the park in the park .
my grandfather fell in my heart in my heart .
my car is a couple .
please stop .
you &apos;re crazy , aren &apos;t you ?
you should choose a job with your feet .
do you see your parents ?
get up .
there &apos;s no future .
I don &apos;t want to drive Mary .
our house and we &apos;re watching us .
this company is true , but I don &apos;t know what she &apos;s thinking of this .
you can &apos;t tell you in your mind .
what are you going to do
did you miss the Mgri ?
he speaks as if he had everything .
I wanted to know why you haven &apos;t done yesterday .
I love this head .
I need to know your answer .
I &apos;d like to come back .
I had to get up your year .
you have changts .
how much time do you plan to pay Boston ?
do you have any cake with you ?
I know Tom doesn &apos;t like Mary .
have you tried this water ?
everyone saw you
the baby will have a great address .
can I call anybody ?
the last thing I want to do is drink .
could you explain it more than ?
he has been friends .
it &apos;s cold .
do you like to miss the train .
I think we &apos;re all a bit .
children are swimming in a shower .
for a great idea of a pieer , he must have pleased to protect .
is there your friends ?
what did she buy this store ?
wait a little .
that makes me !
I was looking forward to any more than that .
I think it &apos;s time I know that food .
I have to get up to your success .
better you don &apos;t think about it .
I &apos;m not crazy .
Tom really drinks for a lot .
you &apos;re going to talk to you .
how can we be quiet with the world .
you know all the world .
I have no idea what we have to do .
you don &apos;t think you don &apos;t like that .
one of them , that has been a great day .
he has the box on the table .
do you want me ?
the evening , the scene and the blood and the scene of a great experience of course .
Tom pushed his son .
the company paints in the eyes who is watching .
we must give us .
I know I can do more .
