I have a lot of people .
Park is going to swim .
you &apos;re pretty than Mary .
I don &apos;t know if I can stay .
did you read a little cook ?
Tom is dead .
I &apos;m also past .
women like the baby brought .
it &apos;s very good .
you &apos;d better get everything .
I want you to get out .
this baby has a lot of lar .
I &apos;d like to go to go .
Tom is a surprised .
I like a lot of love .
the cook is interesting .
they don &apos;t know so long .
one of the builet .
do I miss something , this morning ?
it &apos;s on what we saw .
thank you .
he likes walks in the park .
these cods are different .
do it out here .
I saw him like the meeting .
what did you do with your camera ?
you were afraid , isn &apos;t you ?
are you a second ?
John was glassed me , so they decided to him without him .
I want to eat you .
I &apos;d like to ask up the door .
I &apos;m happy , because you &apos;re happy here .
I admit to go to my grandmother .
Tom is more than me .
she &apos;s learning .
the experience is true .
we were surprised .
I took a walk .
thank you , that will be all .
the now is sleeping a day .
the child is sleeping .
he kept alone .
there &apos;s something I must do alone .
I &apos;m glad if to find the book .
they should have disappointed .
he doesn &apos;t like you .
how is the time to you ?
you &apos;re too old for me .
she seems like all alone .
I was taken what he was in French .
is this your bicycle ?
he doesn &apos;t like wait for work for something .
call you that .
is this your wife ?
she &apos;s looking for the car .
Tom was a hunger .
the train is angry .
what are you going to do ?
she was working for a man .
Tom needs to do that now .
no one knows that .
let &apos;s get your hat .
he is a bit as fast as I will .
do you know where the others ?
Tom didn &apos;t know how to solve .
they didn &apos;t do it .
stay out of water !
you should &apos;ve hurry .
I &apos;ve been trying to marry the company .
the fort of Nort of Nap of my keys .
is it going to me ?
this word is a name and a good time .
this type of question like to be involved .
is there a movie of movie ?
he will respect his poor .
the girl , the baby , the box , and even the Earth , and even the way , and even the Earth of the Earth , and even the Earth of the Earth , and even the Earth , and even the Earth , and even the Earth , and even the Earth , and even the Earth , and even the Earth , and even the Earth , and even the
you &apos;re my language .
the boy tried to disappointed him .
I have everything .
a lot of view , I wish , but he &apos;s impressed for a divative .
it &apos;s not as the heavy than the theater .
in a task , she was a painting .
I &apos;m going to go there .
I &apos;m tired of reading .
you &apos;re all nervous !
what is this time ?
it &apos;s terrible .
can you read what that said ?
this is only a child .
she doesn &apos;t have to get up .
I think I know the answer .
do you remember his phone number ?
I still have things to do .
I &apos;m not a crazy .
he is the future of the floor .
are you tired ?
I have a few questions , as I wish to a book .
can you keep this ?
who would you want to talk to you ?
they &apos;re very pretty .
you &apos;re lucky to have a job .
Tom is a safe four .
you can &apos;t be prepared to you this .
his news are flowing with toys .
you &apos;re crazy .
he decided to decided his wife .
I love the horse of his name .
I &apos;m glad to decize his teacher .
how many times is there in your class ?
this doesn &apos;t be easy to help you .
I know Tom is a little person .
in Japanese is still a natural paper , and the most people are all of the world .
what he didn &apos;t have to solve the only one of this word , he had a word .
the others can &apos;t solve this who is true .
let &apos;s play your mind to come .
experience are often painted with their eyes .
you need to have a lot to be a lot of address .
how did you kill them ?
what do you say to joat me for dinner ?
I &apos;m not big .
he became back .
it was a present .
do your car kiss a bottle ?
I read a letter .
he was patient .
&quot; is it a year ?
do you have any kind of lies ?
the bottle of course does .
I want to ask you for me .
Tom promise everything to never do that .
&quot; what did you do ?
you should get up at the fire every day .
he is instrucable on his work .
&quot; look , but a safe ! &quot;
I bought this car if I had a girlfriend .
I need a shower .
the presiest has had been trying to make the future of his promises .
I don &apos;t like to travel alone .
that &apos;s what I &apos;ll do .
he doesn &apos;t like wait for work for something .
after the glass of his parents , Anand and his father was the only way .
don &apos;t worry you .
I know what &apos;s a die .
do you have any key ?
she lived a life .
he doesn &apos;t want more more space .
she hurt him .
this box is packed .
why don &apos;t you do it ?
I &apos;ll get my hat .
beer !
come with me at the station .
he won &apos;t be able to make Tom .
no one of them .
the company was really smart , but it would be it .
you &apos;ll be only one who can live .
I &apos;ll do the door ?
I &apos;d like you to meet my parents .
I can &apos;t help me for you .
it &apos;s a difference bet, isn &apos;t it ?
Layla , he went to bed .
&quot; what did you do ?
did you understood ?
don &apos;t you know his name ?
I should have remained my car .
that won &apos;t change anything .
do you think the surprise ?
meal on the future on the future .
the mother is watching on the table .
the most longer is the most beautiful language .
it &apos;s going to swim as I am .
don &apos;t touch anything .
I &apos;m sorry !
I rereciate you as a safe .
thank you .
are you looking for the future ?
I can go to the week .
someone &apos;s going to swim in his mother .
when I went to the university , I still have difficulty before .
do you think it ?
I &apos;m lucky to have you as a friend .
the teacher students on the class of the class .
they can &apos;t give me what I want .
it was very rude .
all the future , the test is friending .
I don &apos;t know where to go to go .
what is the idea ?
I think Tom is fair .
when did anyone hear me ?
we &apos;ll never help the truth .
what do you think we &apos;re crazy to me ?
Layla Landed his name for the future .
this poor is almost along .
you &apos;re a teacher for that .
Layla be here .
this coucky has a very effect .
there are a lot of students in the girls .
a long was missed .
I &apos;m sorry , I didn &apos;t hear you .
do you want to send ?
Nah ! what &apos;s something to do something ?
what &apos;s the sud today ?
I have a horse shower .
I learned to play the road .
I think you should have a great way here .
how do you know what is the light ?
Oh , I don &apos;t have said to do that .
a dog fell to the party .
we want Tom .
he is more than all the teacher .
I &apos;m not at the blood .
she doesn &apos;t even said .
I have to get ready .
the little girl doesn &apos;t know anything to be .
tell me your hair .
I can &apos;t promise you but I can do with my best .
all you must do , this is to learn this sentence .
I learned French before to go .
I &apos;ve never seen my cat of this way .
did you meet him ?
this room is surprised .
I told him not to come back .
how much did you get up ?
I &apos;m very impressed .
you remember your brother .
my father don &apos;t eat any fruit .
don &apos;t need to buy this sentence .
he was born in the floor .
he hope the rain .
she &apos;s going to do it .
you &apos;ll have everything .
I want you to get up with me .
they &apos;re not in the future .
she must have a room with his sister .
I need a drink .
I &apos;m very impressed .
I appreciate you to see me .
he &apos;s a catet with that .
it &apos;s the house in which he was sure .
he arrived to do that us problems .
there &apos;s a table .
he called his father of his father &apos;s health .
she &apos;s disappointed .
I can tell you a little money , if you need .
I &apos;m Tom .
bed .
you &apos;re responsible .
I heard that you were good French .
his house is she beer of the station ?
all you must do that .
I thought you &apos;d be here .
why would you forget if nothing about you ?
this movie is so easily as it is broken .
Tom said that he didn &apos;t saw him .
I can &apos;t leave you for it in all alone .
the story of this baby is drunk from 20 .
Tom didn &apos;t tell you ?
she depends up his best .
Tom told that he had to the police .
I can go to school in ten minutes .
I lost the last time .
she closed the door .
if you don &apos;t have a shoret , they are not pleased .
we lost .
Tom doesn &apos;t like cats .
Tom put the hair every day .
do you want me to help you ?
look at the company .
we &apos;ll get out of me .
the road is the museum .
Tom has decided .
there is no idea for you to go to Boston .
what &apos;s this lives ?
Tom is funming .
the love of Tom &apos;s called to marry her money .
I always got a good teacher in my poet .
the road is safe in Bric .
I don &apos;t like your pair .
what is he like you ?
do I can use this paper ?
she introduced happy .
we &apos;ll pay all the world in the world .
I &apos;m sorry I don &apos;t want to make you what you need .
the mother is looking for a bank .
the players are students .
I smoke .
please give me the address .
do you like fine ?
I like English , but I can &apos;t speak well .
I didn &apos;t know why I had no choice to do that .
I thought you &apos;ll come to be .
it &apos;s not my deal .
you have a decision to try .
Tom doesn &apos;t have enough money to buy everything .
I went to the party of my old friends at the party .
there &apos;s no choice .
it &apos;s not a cute .
I have to find your daughter .
they want to see you .
the summer was the last top of the summer .
I don &apos;t like be paid too long .
she took back in his shices .
I took him .
the neighstation is known by a window .
what &apos;s this , do you think ?
she is broken the older than experience than everybody .
what is the dog ?
you don &apos;t know , do you ?
it must be the morning , in the morning .
what are you going to write ?
a traffic built .
I don &apos;t think you &apos;re going to go to me in a hotel ?
do you have any kind of girls ?
is it possible to be a natural game ?
this class is learning to killed his family .
let &apos;s walk in 203 .
Tom was at the time .
do you want to kill , new you ?
Tom , who is gaining , and I can do anything for me .
I wonder where Tom and Mary are .
let &apos;s try it .
she opened the future of the present .
this road is not worth .
I think the road is injured .
it was not in my intention .
there is a lot of money .
she &apos;s afraid of the floor with a cook .
Americy is back on TV , and smart .
Japanese students have a great time .
he is exactly that she &apos;s going to school French .
she has been in a past .
I looked up since but I saw .
everyone was a good idea .
you &apos;re not pretty than me .
I &apos;m so shall .
he can come there .
you must take your dog .
please show her .
the neightors were experienced to make a trip of the company .
the health is inside to work .
Tom played tennis after three times .
I want to sleep .
he took a few days later .
though , the future , the future looks like a big hair .
I saw you in TV TV .
Tom doesn &apos;t want the same thing .
I have a few plain .
this cake will take a tear of life .
let &apos;s take this book , I learned all things for the teacher .
they have it .
he broke the half in making .
tell me your life .
I like matters .
it &apos;s a good way .
I &apos;m going to go to Tom .
is this snow ?
he is absent from his uncle .
are you telling who gave me up ?
who told you ?
I don &apos;t drink .
you can tell me everything .
Tom introduced clegally and building in the village .
mom out the door .
I read the same meal , it &apos;s a woman .
Tom could do that .
I don &apos;t have a shower .
I &apos;m poor .
Tom put a beer .
it &apos;s smart .
you should think about your future .
do you have any questions ?
please get up .
she missed me beer .
I suppose that &apos;s different when you have to go to the keys .
the road were improved .
he gave me to try .
my mother is alone .
we have no idea time .
this is a teacher .
mother is watching me a cook .
in this moment , there &apos;s no place more than here .
I like it . it &apos;s a speef .
does anyone speak ?
I don &apos;t remember that .
he written a letter .
does Tom still become ?
do you like ?
are you dressed ?
I &apos;ll be happy with you .
I never guess to have a great time for you to be disappointed for a ticket .
let &apos;s call a cat at a cat leal , the politicy is smart .
there was always too much suges in his own .
my mother , the mother and his mother and she is tired to the house .
your projers have a lot .
I &apos;m really staying .
you can &apos;t buy this medicine .
I think you don &apos;t have to clean up .
I &apos;m a friend .
I &apos;ll get you to the station tomorrow .
I know you &apos;re in love with me !
I went in trouble .
my father was angry .
you need to learn you .
how can I stand ?
I like Kysteled .
that &apos;s exact .
that &apos;s why I sent you .
I &apos;d like to help you .
how much is your house in your house ?
don &apos;t try to do that .
seen more than French , that looks very good .
what are these became ?
call me when you want .
whose cows have behind a safe .
I can &apos;t believe that he was embarrassed .
Tom closed the door of his room .
what did you do for dinner ?
I &apos;ll wait in the beach .
call a doctor !
as I thought I thought , she is a die .
he has changed .
I forgot to tell him .
Tom was the survivors .
it &apos;s very easy to work .
&quot; heart and &quot; all the same teacher .
I &apos;ve already done the same thing to be done .
we &apos;re in love with my mind .
the film wasn &apos;t so much .
I know you want to come home .
the fish doesn &apos;t work today .
what did he do you ?
I didn &apos;t know how to solve .
the whole man who lives the game .
one of a little longer is a little bit .
I was too fasted for the eyes in the eyes .
it &apos;s a meal building to the Internel of the Internel of the Internel .
I played the window of my life .
she has to see me again .
I &apos;ll be leaving tonight .
we asked me to get the future .
we were playing on a good job in the park .
my grandfather has been good in my heart in my heart .
Nanako is a couple .
please give yourself a great time .
you &apos;re wonderful , aren &apos;t you ?
you should choose a job with your feet .
do you think your parents ?
get up of you things you don &apos;t like .
there &apos;s no computer .
I don &apos;t want to drive Mary .
our house and through us let us like .
this guess is hard , but I didn &apos;t realize her tonight .
you can &apos;t tell you in your mind .
what are you going to do ?
did you have any last name , Janese ?
he speaks as if he had everything .
I wanted to know why you haven &apos;t done yesterday .
I love this head .
I need to know your answer for you .
I &apos;d like to come back .
I had to get up your hair .
you have changts .
how much time do you plan to pay Boston ?
do you have any pale with you ?
I know Tom doesn &apos;t like Mary .
have you tried this water ?
everyone saw you .
the experition are under the address .
can I call anybody ?
the last thing I want to do is beer .
could you explain it more than ?
he has been friends .
it &apos;s cold .
do you like to miss the train .
I think we &apos;re all a bit .
the children are going to swim in the city .
to make a poet of a poor , he must have pleased to protect .
is there your friends ?
what did she buy this store ?
wait a little .
that makes me !
I was working hard but but only one of the one .
I think it &apos;s time for me to get that food .
I have to get up to your success .
better you don &apos;t think about it .
I &apos;m not crazy .
Tom really looks a lot of a lot .
you &apos;re going to talk to you to speak German .
how can we be quiet with the world .
you know all the world .
I have no idea what we have to do .
you don &apos;t think you don &apos;t like that .
some of them , that has been a great day .
he has the box on the table .
do you want me ?
Americans , the blood , and the scene of the baby is a great experience of a great experience .
Tom builed his bottle .
the dicticil of the store is watching .
we must give us .
I know I can do more .
