I have a lot of people to travel .
Park is late for the blood .
you &apos;re pretty than Mary .
I don &apos;t know if I can stay .
have you ever read a lucky cook ?
Tom is dead .
I &apos;m depelate .
the women like the baby lots .
it &apos;s very good .
you &apos;d better get everything .
I want you to get out .
this baby has a lot of lar .
I &apos;d like to go to go .
Tom is a surprised .
I like a lot of love .
the cook is interesting .
they don &apos;t know so long .
a teacher is prepared to be .
do I miss something , this morning ?
it &apos;s on what we saw .
thank you to be invinced .
he likes to marry in the park .
these cods are different .
get the out of here .
I saw him like the deal .
what did you do with your camera ?
you were afraid , isn &apos;t you ?
are you a second ?
John knew the meal , so they decided to decide her without him .
I want to eat you .
I &apos;d like to ask up the door .
I &apos;m happy , because you &apos;re happy here .
I admit to go to my grandmother .
Tom is more intelligent than me .
she &apos;s singing the children .
the experience is true .
we &apos;ve been aberious .
I took a glass .
thank you , that will be all .
the now is sleeping in a day .
the child is sleeping .
he has pleased .
it &apos;s a thing I must do alone .
I &apos;m glad if to find the book .
they should all they disgusted .
he doesn &apos;t like you .
how &apos;s the time to you ?
you &apos;re too old for me .
she seems like all alone .
I was taken what he was in French .
is this your bicycle ?
he doesn &apos;t like wait for the last time to do something .
do you remember that .
is this your wife ?
she &apos;s looking for the car .
Tom was a hunger .
the train is angry .
what are you going to do ?
she was working for a man .
Tom needs to do that now .
no one knows that .
let &apos;s get your hamf .
he is a bit as fast as I will return .
do you know where the others ?
Tom didn &apos;t know how to solve .
they didn &apos;t do it .
stay out of water !
you should &apos;ve hurry .
I &apos;ve been trying to marry the details .
the fort of Nap of Nap of Nap , TV in Mosines .
is that going to me ?
this word is a name and a good time to the time .
this type of question has been pretty to be involved .
is there a movie of movie ?
he will respect his poor .
the girl , the puncks , and even the suline , and even the Earth and even the way , and even the Earth of the Earth , and even the way , and even the Earth of the Earth , and even the Earth of the Earth , and even the Earth , and the Earth of the Earth , and white the Earth of the Earth , and
you &apos;re my language .
the boy tried to disappointed the key .
I have everything .
some of you started , he is impressed , he is impressed for a speech .
it &apos;s not as a scene of the pain who is waiting for me .
in a task , she was a tight of the list .
I &apos;m going to go there .
I &apos;m tired of reading .
you &apos;re all nervous !
what is this time for that time ?
it &apos;s very smart .
can you read what that said ?
this is only a child .
she doesn &apos;t have to get up .
I think I know the answer .
do you remember his phone number ?
I still have things to do .
I &apos;m not a crazy .
he is the future of the future of the United .
are you tired ?
I have a few questions , as I wrote a book .
can you just get this ?
who would you want to talk to you ?
they &apos;re very pretty .
you &apos;re lucky to have a job .
Tom is a safe in the key .
you can &apos;t keep a teacher to you this .
his news are flowing with the flowers .
you &apos;re crazy .
he decided to decided his project was in this solution .
I love the scene of his name .
I &apos;m glad to decize his evenation .
how many times is in your class in your class ?
this doesn &apos;t be easy to help you .
I know Tom is a little person .
in Japan of the people is still in the company of the country , and the world and they are all the world .
what he couldn &apos;t solve about this word , it would be a word .
the others can &apos;t solve this who is true .
let &apos;s play your mind to come .
the experience are often painted with thanks for the blood .
you need to have a lot to be a lot of advice to be a ticket .
how did you kill the keys ?
what do you say to joat me for dinner ?
I &apos;m not big .
he became back .
it was a present .
do your car kiss a sud of the trip ?
I read a letter .
he was patient .
&quot; is it a year ? &quot; &quot; &quot; he is in &quot; .
do you have any kind of lies ?
the bottle of course is asking .
I want to ask you for me .
Tom promises a lot more never do that .
&quot; what did you do ?
you should get up on the lights every day .
he is instructive on his work in his trip .
&quot; look , a lover ! &quot; America !
I bought this car if I had a girlfriend .
I need a shower .
the presiest has had been trying to get up the future of his promises .
I don &apos;t like to travel alone .
that &apos;s what I &apos;m going to do .
he doesn &apos;t like wait for the last time to do something .
after her parents in his parents , Anarily , and his father was the only way .
don &apos;t forguess you .
I know what &apos;s a die .
do you have any favorite ?
she lived a deseral letter .
he doesn &apos;t want more more expensive .
she took him disappointed .
this box is packed .
why don &apos;t you do it ?
I &apos;d like my hat in the store .
Park !
come with me at the station .
he won &apos;t be a decision to do with Tom .
don &apos;t drink enough .
the company was really safe , but it will be surprised .
you &apos;ll be only one who &apos;d see him .
I &apos;ll do the door ?
I &apos;d like you to meet my parents .
I can &apos;t help me for you .
it &apos;s a difference betweight , isn &apos;t it ?
Layla works the work , he went to bed .
&quot; what did you do ?
do you have any understood ?
don &apos;t you know his name ?
I had to reciate my car in a place .
that won &apos;t change anything .
do you think the survivary ?
meal on the future on the future of the future .
the mother is watching the table on the table .
the most longer is the most beautiful language . &quot; it &apos;s not funning .
it &apos;s a meal , I &apos;m refused to the future .
don &apos;t touch anything .
I &apos;m sorry !
I rereciate you as a safe .
thank you of the death .
are you looking for anything to save ?
I can go to the week .
someone spends to swim in his mother .
when I students to the university , I &apos;ve been drunk for the baby .
do you think it ?
I &apos;m lucky to have you as a friend .
a teacher students , to the class of the class .
they can &apos;t give me what I want .
it was very rude .
all of the greater , the case of the decious dollars .
I don &apos;t know where to go , the news .
what is the idea ?
I think Tom is fair .
when did he hear me ?
we &apos;ll never give the truth .
what do you think we &apos;re safe with me ?
Layla Landed his name to marry the politport .
this poor is almost almost hungry .
you &apos;re going to be quiet .
Layla be here .
this coucky has a very effect .
there are a lot of students in the girls .
a long was been killed .
I &apos;m sorry , I didn &apos;t hear you .
is that all you &apos;re right ?
Nah ! what &apos;s something to do something ?
what &apos;s the sud today ?
I have a double shower .
I learned to play the road in ten years .
I think you should have a paten here .
how do you know what is the light ?
Oh , I didn &apos;t have enough if I &apos;m going to do .
a dog fell to the bag .
we want Tom .
he is more than all the others .
I &apos;m not at the blood .
she doesn &apos;t even said .
I have to find out as I can .
the little girl doesn &apos;t know anything as course .
tell me your hair .
I can &apos;t promise me , but I can do with my best .
all you have to do , that &apos;s what of the heart .
I learned French before to go to swim .
I &apos;ve never seen my cat of this way .
did you meet him ?
this room is surprised .
I told him not to come back .
how much did you get out of key ?
I &apos;m very impressed .
you remember your brother .
my father don &apos;t eat any front of fruit .
don &apos;t need to transte this sentence .
he was born in the floor .
he has been to visit .
she &apos;s going to do the village .
you &apos;ll have everything of everything .
I want you to get up with me .
they &apos;re not in the future .
she must have a room with his sister .
I need a drink .
I &apos;m very impressed .
I appreciate you to see me .
he &apos;s a catet with this key !
it &apos;s the house of this poor in which he was child .
he arrived to do that us problems .
there &apos;s a table .
he called his father of his father is involved .
she &apos;s disappointed .
I can tell you a little money , if you need .
I &apos;m Tom .
bed .
you &apos;re responsible .
I heard that you were good French .
his house is down she &apos;s done on the station ?
all you have to do that .
I thought you &apos;d be here .
why would you forget if nothing about you ?
this movie is so different than that he is broken .
Tom said that he didn &apos;t saw him .
I can &apos;t leave you for it in all alone .
the story of this baby is drunk from 2000 old .
Tom didn &apos;t tell you ?
she depends up his actual .
Tom told that he had to marry the police .
I can go to school in ten minutes .
I lost the hat the time .
she closed the door .
if you don &apos;t have a shoret , they are not plented .
we &apos;ve got up together .
Tom doesn &apos;t like cats .
Tom hushed up every day .
do you want me to help you ?
look at the company .
we &apos;ll get out of me .
the road is the music of nairs .
Tom has decided to the fortune .
there is no idea for you to go to Boston .
what &apos;s this lives ?
Tom is funming to money .
the friends is Tom known to Mr Mona .
I always got a good teacher in my poet .
the room is safe in Bugana .
I don &apos;t like your patch .
what did he like to deal ?
do I can use this paper ?
she introduced happy .
we &apos;ll pay all the world in the world .
I &apos;m sorry I don &apos;t want to make you as to know that you &apos;re just .
the mother is looking for a bank .
the players are students .
I smoke .
please give me the address .
do you like Rusles ?
I like English , but I can &apos;t speak well .
I didn &apos;t know why I had no choice to do that .
I thought you &apos;d be going to be .
it &apos;s not my deal .
you have a decision to try to be .
Tom doesn &apos;t have enough money to buy everything .
I had a patch on my old car to the party .
there &apos;s no choice .
it &apos;s not a cup of red .
I have to find your daughter .
they want to see you .
the summer was the last top of the summer .
I don &apos;t like to be either too long .
she took back in his shices .
I took him out .
the neighstation is known by a window .
what &apos;s that that , how old is it ?
she has the news more alternative than the world would try it .
what &apos;s he arrived at the dog ?
you don &apos;t know , do you ?
it must be the morning , in the morning .
what are you going to write ?
a shower fell .
I don &apos;t think you &apos;re going to me in a hotel . I &apos;ve been going to have a deal ?
do you have any kind of construction ?
is it possible to be a magazine faszzzzzzan ?
this class is learning to kiss his story .
close the case in 2000 .
Tom was at the time .
do you want to kill , new you ?
Tom , who is gaining , can make anything for me to do for me .
I wonder where Tom and Mary are .
let &apos;s try it .
she opened the future of the present .
this road is not smile .
I think the road is experience .
it was not in my intention .
there is a lot of money .
she &apos;s afraid of the floor with a cook .
Americy is back on TV , and swim and smart .
Janese was baby in a day day .
he &apos;s exactly that she &apos;s going to school French .
she has been in a nice trip of a long time .
I looked to her .
everyone had a good idea .
you &apos;re not pretty than me .
I &apos;m so shall .
he can come there .
you must take your dog .
please show her .
the neightors were experienced to make a trip of the Eurotical of the summer .
the health is infective to the baby .
Tom playes tennis after three times by week .
I want to sleep .
he has a few days later .
though , the future , the future looks like a great kiss .
I saw you in TV TV .
Tom doesn &apos;t want the same thing to return .
I have a few hospital .
this cake will take a tear of life from the caty .
let &apos;s take this book , I learned all things for the present .
they ruined it .
he broke the husband in the use of this lfriend .
tell me your life .
I really like a bike .
it &apos;s a good appetite .
I &apos;m thinking to go to Tom .
is this snow ?
he is absent from his uncle .
are you telling me that you were injured ?
who told you ?
I don &apos;t drink .
you can tell me everything .
Tom introduced clegally and building in the scene .
mom out the door .
I read the same meal , he is a woman woman .
Tom could do that .
I don &apos;t have a shower .
I &apos;m poor .
Tom has been a beer .
it &apos;s smart as mistake .
you should think about your future .
do you have any questions ?
please get your own poor .
she missed me lacked .
I suppose that &apos;s different when you have to get to the keys .
the road were implenty .
he gave me to try it .
my mother is alone .
we have no idea time .
this is a teacher .
mother is watching me to do a cook .
in this moment , there &apos;s no place more than here .
I like it . it &apos;s a speef .
does anyone speak English ?
I don &apos;t remember that .
he written a letter .
does Tom become crazy ?
are you going to help ?
are you dressed ?
I &apos;ll be happy with you .
I never guess to have a great time , I &apos;d be a great way to get up a bike .
let &apos;s call a cat at a cat leal , the politicy is smart @-@ death @-@ speety @-@ speem .
there was always too much sugames in his own view .
my mother and the mother and she is tired , and she went to the house .
your projers have a lot of lot .
I &apos;m really staying .
you can &apos;t buy this word without order .
I think you don &apos;t have to catch the sea .
I &apos;m a friend .
I &apos;ll get you to the station tomorrow .
I know you &apos;re in love with me !
I went to the store in the store .
my father was angry .
you need to learn for you .
how did I supposed to eat ?
I like Kysteled in a lot .
that &apos;s exact .
that &apos;s why I sent you .
I &apos;d like to help you .
how much is your house in your house ?
don &apos;t try to do that anymore .
seen of the world , this death is very good .
what are these became ?
call me when you want .
whose cows have behind a safe .
I can &apos;t believe that he was embarrassed .
Tom closed the door out of his room .
what did you do for dinner ?
I &apos;ll come in the beach .
call a doctor !
as I thought I thought , she is a safe .
he has changed .
I forgot to tell him .
Tom was one of the experience .
it &apos;s very easy to work .
&quot; heart &quot; and &quot; the same memory of course .
I &apos;ve already done the same what who needs to be done .
we &apos;re in love with my mind .
the film wasn &apos;t so much a divative .
I know you want to come home .
the fish doesn &apos;t work today .
what did he do you ?
I didn &apos;t know how to solve .
the first man who lives the game .
one of a little longer is a bit faster .
I was too fasted for the eyes in the eyes .
it &apos;s a meal building to the Internet of the Internel of the Internel of the Internel of the Internel .
I played the window of my life .
she has to see me again .
I &apos;ll be leaving this evening .
we asked me to buy the future .
we were playing on a good job in the park .
my grandfather has been hungry to my heart in my heart .
Nanako is a couple .
please give yourself a new time by day .
you &apos;re wonderful , aren &apos;t you ?
you should choose a job with your deal with your deal .
are you going to parents your parents ?
get up of you things you don &apos;t have to kill .
there &apos;s no computer .
I don &apos;t want to drive Mary .
our house and we &apos;re watching us .
this guess is hard to swim , but I don &apos;t know what she &apos;s going to get out of this .
you can &apos;t kill you in your daughter .
what are you going to do ?
did you have any last name , Janese ?
he speaks as if he had everything .
I wanted to know why you haven &apos;t done yesterday .
I love this head .
I need to know your answer for you .
I &apos;m trying to be quiet .
I was going to get up your hair cut .
you &apos;ve changed a lot of advice .
how much time do you plan to pay Boston ?
do you have any pale with you ?
I know Tom doesn &apos;t like Mary .
have you tried this water ?
everyone saw you .
the experition are under the address .
can I call anybody ?
the last thing I want to do is care of them .
could you explain it more than ?
he has been friends .
it &apos;s cold .
do you like to miss the train .
I think we &apos;re all a bit laughter .
the children are going to swim in the city .
for a great idea of a pieer , he must have pleased to take a long time .
is there your friends ?
what did she buy this store ?
wait a little .
that makes me !
I &apos;d like to know how much he had a lot of recise .
I think that he &apos;s time for that food .
I have to cake you for your success .
better you don &apos;t think about it .
I &apos;m not pale .
Tom really drinking a lot of a lot .
you &apos;re going to talk to you to talk about the future .
how can we be quiet with the world .
you know all the world .
I have no idea what we have to do .
you don &apos;t think you don &apos;t like that .
a lot of fine , that has been a great day .
he has the box on the table .
do you want me ?
thanks , the scene , the blood and the scene of a piece of a piece of recipience of reasons in a foreigence .
Tom builed his bottle .
the dicticil of the eyes is watching of the world .
we need to give us .
I know I can do more .
