Can I call anybody?
May I ask anybody?
Could I ask anybody?
There's a table.
It's a table.
He is a table.
The now is sleeping.
My sister is sleeping.
This snow is the baby.
It rains.
He has pleased.
That's the only way.
Do the house here.
Take the house here.
Get the out of here.
No one knows that.
Not one knows that.
Don't be just go there.
Call me when you want.
Tell me when you want.
Let me know you want.
My watch took her.
It took her advice.
I took him the key.
I need a drink.
He must have a drink.
It must have a drink.
French is in price.
The train is in price.
Last train is in price.
I'll try everything.
You know all the world.
They know all the world.
I'm not a big.
Please don't kill.
My hands aren't a big.
Call you that.
Do you see that.
Get you out of that.
Does Tom told you?
Tom didn't tell you?
Did Tom didn't tell you?
Layla be here.
Wininda be here.
He was introduced here.
He has a big volun.
That's a big wine.
It's a great ket.
Are you dressed?
Did you get up?
Do you have any hammer?
There is a lot of money.
It's a lot of money.
He has a lot of money.
You're responsible.
They are responsible.
It are responsible.
She is disappointed.
It's disappointed.
Her is disappointed.
Tom is a surprised.
She is a surprised.
Mary is a surprised.
They're very rude.
All are very rude.
She is very compative.
This is only a child.
It's only a child.
That's only a child.
I like a lot of love.
You like to swim.
My friend like to sell.
Are you tired?
Did you get up?
Do you read it?
My mother is alone.
I'll find it.
The mother is only one.
Are you a second?
You have a second?
Do you have a second?
This is a past.
That's a lick.
It's a list.
I'll do the door?
Can I close the door?
Do I feel out of the door?
I am sick.
Mary is baby.
Tom is tatsting.
My love is love.
I love this head.
You love this head.
You can tell me everything.
I can tell you everything.
It can tell me everything.
Do you have any questions?
Are you a few questions?
Have you have a bicycle?
Do you think it?
Are you thinking?
Work are you doing?
Tom was at the time.
Mary was at the time.
I was at the time.
I want to sleep.
You want to go.
Please want to live.
Are your wife?
Is this your wife?
Do you have any wife?
This is very intelligent.
It's very smart.
That's very smart.
Don't drink enough.
Not enough of them.
No one of the floor.
Are you understood?
Did you learn the shire
Do you have any shirt?
You're my language.
It's my language.
I'll get my language.
Everyone's the teacher.
They ruined it.
She has been very rude.
That won't change anything.
It won't change anything.
This doesn't change anything.
I'm poor.
It's crazy.
My mad is poor.
Everyone looks.
Everybody saw you.
All the world.
Wait a little.
Get a little.
Go to a little!
Please go to go there.
I'll go to go there.
You'll go to go there.
My name.
I read a letter.
It's reading a letter.
She will close me.
It will me the door.
Her close is door.
Leave the way.
Let's try it.
Try to know it.
I'm a friend.
It's a friend.
My friend is a friend.
What is the idea?
Which is the idea?
How is the idea?
He was patient.
It was patient.
I've been seen.
Tom could do that.
Mary could do that.
I could do that.
Beer!
Park!
Get the fuck.
That's exact.
This is correct.
It's quite.
We must give us.
You must give us.
Us we have to give us.
You want to eat.
Please want to eat.
I want to eat you.
It's very good.
That's very good.
This is very good.
You're crazy.
Are you dead.
I are provative.
Call a doctor!
Believe a doctor!
Let's play a doctor!
We want Tom.
She wanted us.
Viswe want Tom.
It's cold.
He is cold.
I did it.
Bed.
Go.
At bed.
I can go to the week.
It can go to the week.
You can go to the week.
Stay out of water!
Come out of water!
Stop at the water.
She wants to find anything.
All they were all wrong.
They should all they disgusted.
Tell me your hair.
Speak me your hair.
Let me talk your hair.
Are you want to help you?
Do you want me to help you?
Would you want me to help you?
It was disappointed.
She has been disdecious.
Her covered her running.
Mom out the door.
Rebet the door.
Hebet door door.
I like a nice.
You like a girlfriend.
My really like a dogs.
You don't know, so you?
It won't be so, if?
I don't have to be so?
My bad as I am.
I'm so depted.
Me as I am a danger.
I remember your brother.
Please remember your brother.
You're safe with your brother.
It was very rude.
That was very rude.
This was very rude.
Are you sure where?
Do you know where the others?
Did you know where the others?
I need to do that now.
Tom needs to do that now.
Mary needs to do that now.
It's smart.
Her hair is known.
She's singing the children.
Tom is more than me.
Mary is more than me.
I'm more than than me.
Is he your friends?
Are there your friends?
Does he have your friends?
It's very easy to work.
That's very easy to work.
This is very easy to work.
I don't want to drive Mary.
It don't want to drive Mary.
Please don't want to spend Mary.
I'm getting sport.
You'll be quiet tonight.
My meal will be danger.
Do that any country?
How is this cool?
What's this viny?
It's my cute.
This slowing me!
That's my deal!
That's getting four.
It's getting smart.
He became a sold.
He hope the rain.
That has been to rain.
It's just figure.
He won't be you.
It won't be you.
You're not going to go.
What are you going to do?
Which are you going to do?
How did you get to do?
He gave me to try.
I had to try it.
It was just going to try.
He has a few days later.
It's a few days later.
There are a few days later.
I thought you'd be here.
You thought you'd be here.
My thought I'd be here.
It likes not like being alone.
I don't like travel alone.
You don't like to travel alone.
Do you have any parents?
Have you been a parents?
Are you going to parents your parents?
He can come to work.
I can't read it.
It can't change anybody.
I forgot to tell him.
We forgot to tell him.
My forgot forgot to say.
Did you met it already?
Do you've met it?
Have you met the warn?
I'm tired of reading.
It was tired of reading.
My legs was tired.
You're young a time.
We're young to go.
It's no one of a time.
Please get up.
My feelings are free.
I smoke to fire.
We have been killed.
You have been killed.
Us have been killed.
What is the dog in Japan
How did he come in dog?
What is the dog in Japan?
It'm not cold.
My memory can't dead.
I'm not a didddle.
They didn't know him.
She doesn't know him.
Everyone doesn't see him.
Leave your arisa!
Show your clean!
Let's go out my hammer!
We were attiscated.
Us we were involved.
You were advented.
Your best choice.
You have changed to choose.
I changed you to be friends.
Who told you?
Whose turn is you?
What were you excited?
Do you know his name?
Can you tell his name?
Don't you know his name?
Is that going to me?
Does that go to me?
Do that go to me?
Tom is a lot of money.
Mary is a favorite money.
She is a favorite money.
She didn't work.
They're not in the future.
Everyone aren't in the future.
I'm smart!
It's smart.
My member is buny!
Have you tried this water?
Did you tried this water?
Do you want this water?
You're pretty than Mary.
I'm pretty than Mary.
It's not pretty as Mary.
You're too old for me.
It's too old to me.
I'm too old to give me.
German is true.
It's the best.
The experience is true.
I'd like to be just go.
If I'd like to go out.
My first would be not going to go.
I have everything.
You have everything.
My heart is all.
I'm really staying.
It's really saying.
My legs is really sfied.
He written a letter.
It's written a letter.
There's written a letter.
Please be thank you.
You'll be thank.
Thank you, that will be all.
They want to see you.
You want to see you.
She wanted to see you.
You're in love with my mind.
Us we get in my head.
We'll go to the movies.
I'd like to help you.
You'd like to help that.
My first would like to help you.
It seems that better.
She seems to learn all.
Her seems is better than alone.
I'm Tom.
It's Tom a lot.
Tom is Tom a big.
It was a present.
That was a present.
This was a present.
I should've come up.
You should have been to the shower.
We should have been to the shower.
Is someone a secret?
When did he hear me?
Does someone have a doctorse?
Do you have any wine?
Is that all you're right?
Are you so deel?
It's not smart.
Please don't have a lot.
I don't have a shower.
She returned his shirt.
Her repast was flocing.
He was refused to his shirt.
How can I stand?
Can I supposed to eat?
What am I supposed to eat?
I'll be happy with you.
You'll be happy with you.
My dad will be happy with you.
I'll get you.
You're safe.
Please get your own poor.
Tom was the survivors.
Mary was a familial.
I was one of the experience.
I'm so support.
You'm so shall.
My friend is so shall.
It's not easy as me.
You're not pretty than me.
I don't have more than me.
Can you keep this?
Could you just get this?
May you just get this?
Please have your daughter.
I have to get your head.
It's going to work your daughter.
It's not my delf.
That's not my delf.
This is not my messomity.
She doesn't even said.
It doesn't even tell you.
He didn't even tell you.
Not only to the fact.
Don't make a whole thing.
Never don't have to do that.
You're all nervous!
They're all nervous!
It are all medicine!
I'm very impressed.
It's very impressed.
My legs is very impressed.
I know I can do more.
You know I can do that more.
My know I can do more and more.
This is not scared.
That's not scared.
It's not scared.
Not one about it.
No one is getting.
Don't look at the future.
Better don't better do that.
Best better't going to think.
You're not to think about it.
She has to see me again.
He has to see me again.
It's just see me to see.
I didn't know how to solve.
It didn't know how to solve.
My sister didn't know how to solve.
I know Tom doesn't like Mary.
You know Tom doesn't like Mary.
It know I don't like Mary.
Please run become up.
I'm trying to be quiet.
My messomes will be late.
It's as if he had everything.
He speaks as if he had everything.
There is as much as he knew everything.
I'm very impressed.
It's very impressed.
My legs is very impressed.
Please thank you.
Thank you of the tunity.
You're punantually as hard.
You're just so hard.
I have to pay so much.
They're going to be quiet.
You'll have everything.
It would like you everything.
I'll try you out of everything.
There's like in the park.
He likes to walk in the park.
It likes to walk in the park.
One of the bill was killed.
An infalts was killed.
A great kiscity was killed.
If Tom is fair.
I think Tom is recired.
Tom thinks Tom is fair.
That's a good mother.
He is a good mother.
It's a good appetite.
Please show her.
Get the her, I'll be.
Show her at his place, I'll be.
Look at the company.
Watching the company.
Stop the fuck of the danger.
Tom doesn't like clean.
She doesn't like clean.
Mary doesn't like clean.
I lost the hat time.
My legs are lost time.
We lost the zero.
Is Tom still become?
Does Tom become beer?
Did Tom become beer?
It has changed.
She changed address.
He changed a present.
Come with me at the station.
Try with me at the station.
Let's go with the station.
What did you do that?
How could you do that?
Why don't you do it?
Tom was a hunger.
Mary was a hunger.
She was a hunk.
We took a reason.
I took a new medicer.
My driings have a shame.
My head is interesting.
The cooking is interesting.
At the cool, this is interesting.
I don't drink.
It's not drink.
My father doesn't drink.
How do you do?
What are you going to do?
Which are you going to do?
Did you get the sky?
Have you come to the sky?
Do you have any hirt?
I still have things to do.
My friend is still right now.
We have a lot of things to do.
Do you stay in?
Did you stay in?
Are you going to help?
I had a new beer.
Mary has a big beer.
Tom has been a new beer.
We'll be a seat.
You'll be a patch.
Us go to me a new dress.
What did you get out of key?
Which kind of books are you boring?
How much did you get out of key?
I'll be seen who see you.
It would be seen who would be.
You'll be only one who can live.
Do you want me?
Is this going to me you?
Are you sure you're talking?
What did he do you?
How did he do you?
Which did he do you?
I think I know the answer.
It think I know the answer.
He thinks I know the answer.
Can you read what that said?
May you read what that said?
Could you read what that said?
It was for a man.
She was working for a man.
Her was working for a man.
Read the news.
These all are different.
Those dogs are different.
Please be invinced.
You'll be invinced.
Thank you to be invinced.
I don't know if I can stay.
You don't know if I can stay.
My sister doesn't know if I can stay.
It's in the car.
She is looking for the car.
Her is expensive.
I wonder where Tom and Mary are.
Me wonder where Tom and Mary are.
My sister wonder where Mary and Mary are.
How many is this time?
Do you think that time?
What's it, what time?
Did I miss something, what's?
Do I miss something, what's this morning?
Have I put something, what was this morning?
What did you do for dinner?
How did you find a new dinner?
Which did you find out of your dinner?
Tom is a safe in the reasons.
Mary is a safe in the reasons.
She is a safe in the reasons.
I heard that you were good French.
My promise told you were good French.
You heard me what you were good French.
All you must do that.
Everything you must do that.
Everyone you must do that.
What are these became?
How much did these are?
Are those became building?
Is it your bicycle?
Do you know your keys?
Does that have your keys?
It's in the village.
She is in the village of the danger.
Her is in the village of the danger.
You love his name of his name.
I love the guoty of his name.
My Chinese has been like his name.
Tell me your life.
Speak me your life.
Let me tell your life.
I don't remember that.
Please don't remember that.
My glasses doesn't remember that.
Canm was not so much.
It's no longer was not so much.
The film wasn't so much a divative.
He has the box on the table.
It looks the box on the table.
That looks the box on the table.
We have a few people.
My friend has a lot of homework.
I have a few people in Kyden.
My son would be pleased.
I saw him like the deal.
It was seen him to get the meeting.
You're lucky to have a job.
I'm lucky to have a job.
It's lucky to have a job.
That's what I'm going to do.
It's what I'm going to do.
This is what I'm going to do.
It looks experience.
This room is experient.
That room was divaled.
I know Tom is a little person.
It know I am a little person.
My know is Tom is a little person.
We'll respect her.
It will be punished.
He will respect his own pale.
We have a doucatch.
I have a double lady.
My bady has a speef.
Please'll get the station tomorrow.
You'll get to the station tomorrow.
I'll get you to the station tomorrow.
It was rich of the floor.
She was born in the floor.
He was upset at the sugar.
A shower has fell.
One of the builet closed.
An ross is funny.
Close are going to spend.
Let's be going to get your mind.
Heries are going to be.
Tom has been to the kiss.
I had to visit the garage.
Mary has been to the kiss.
I'm in his wife.
Tom spped his fell.
Mary spped his fell.
My sister has a day.
The now is sleeping a day.
This snow is the bone of a day.
If I thought you'd be.
I thought you'd be going to be.
You thought you'd be saying.
It doesn't like be either.
I don't like be late for all.
Please like to be either too long.
Who would you like to talk about?
Could you like to talk about you?
What would you like to talk about you?
My bad is a nice.
I'm not a nice person.
It'm not a satisatic.
It was not in my intention.
That wasn't in my intention.
This wasn't in my intention.
She introduced happy.
He introduced happy.
Her feelings instrucated.
You don't like patch.
I don't like your patch.
Please don't like your patch.
It won't come back again.
I told him not to come back.
You told him not to come back.
I'd like you to meet my parents.
You'd like you to meet my parents.
If I'd want you to meet my parents.
I was at my daughter.
My little friend was in daughter.
Nancakakes was in daughter.
You need to learn to go.
I have to learn to you.
It must be going to you.
It's happy, I'm here.
My little happy, I'm happy here.
I'm happy, because you're happy here.
Are you ready to the key?
Do you like the bloor?
Have you like the bloor?
Nobody won't be late so long.
They don't know how to send.
She doesn't live to be eighty.
Everyone was a good idea.
Everybody had a good idea.
All the world was a good family.
What are you going to write?
How are you going to write?
Which are you going to write?
You should think about your future.
I should think about your future.
It should be going to your future.
There's no choice.
He has no choice.
It's not a saticist.
I know you're in love with me!
You know you're in love with me!
It know you're in love with me!
You're the teacher.
Your projers have a lot of lot.
The photosts are a lot of lot.
That's a great killed.
It's a great killed.
This box is packed.
I need a shop.
We need a hungrative.
My bad is a ticky.
What did you kill the fort?
How did you kill the keys?
Where did you kill the keys?
That won't easy to help you.
This doesn't be easy to help you.
It won't be easy to help you.
It's fish not today.
The fish doesn't work today.
Her fish doesn't work today.
Have you often surprised?
Do you have any more accident?
Are you more often survivors?
I know you want to come home.
You know you want to come home.
It know you want to stay home.
Does anyone speak?
Do you like?
Who is the only way?
There's his uncle.
He's trying to his uncle.
It's absent from his uncle.
I want you to get up with me.
You want to kiss with me.
Please want to kiss with me.
What's the sud today?
How much is the coat today?
Which is the tallest of cover?
Tom didn't know how to solve.
Mary didn't know how to solve.
She didn't know how to solve.
Tom put the hair every day.
Jankids every day every day.
Mary has hair the windows every day.
Do anyone like to dance?
What's there like to send?
How many is he like to dance?
Is there a movie of movie?
Do it a movie of movie?
Did he have a movie of movie?
That blood has a lot of front.
It blood has a lot of front.
This baby has a lot of fruit.
This is why I sent you.
That's why I'm getting.
It's why I'm getting smart.
You're nuble, aren't you?
It's dangerous, aren't you?
I'm guiling, aren't you?
I promise no longer never do that.
Tom promises a lot more never do that.
Mary promises a lot more never do that.
Us never recie the truth.
You'll never give the truth on his dead.
We'll never tell her the enddddle.
He is a bit as fast as I will.
It's a bit as I reciate.
That's a little as I reciate.
Tom really looks a lot of a lot.
Mary really drinking to be a lot.
I really look in front of a lot.
It'm not the less.
My bad not blood.
I'm not at the blood.
It's the music of the music.
The road is the music of the other.
This slower is the music of the other.
Do you think we're wasting of home?
What do you think we're saying home?
How do you think we're safe with me?
I'm sorry to go to Tom.
You're safe to Tom.
My opinion to go to the message.
Do you remember his phone number?
You're just his phone number?
Are you sure of his phone number?
That's the time, where you were?
What is the time you're the time?
How is the time you're in charge?
I'll wait in the beach.
We'll go in the beach.
My meal will go in the beach.
This poor is almost very much.
That poor is almost very much.
The poor is almost very pretty.
Do you know who sent me up?
Did you know who forced me?
Are you telling who gave me up?
We asked me to get the future.
You asked me to get the future.
I asked me to get the movie.
This couple has a very effear.
That couple has a very effect.
It ba w a very effect.
We have a few munity.
I have a few munbet.
My friend were a great locy.
My promise must be hard.
I have to find out as I can.
Please be careful as it as I can.
She has no post to be.
Her is not of you to get up.
It's not going to be to you.
I think we're all a little locity.
Please think we're all a little locity.
If I think we're all a little locity.
You have a lot of reasons.
I have a lot of regret.
Your feet of you like to be.
Tom playes tennis after three times by week.
I play tennis in the three times by week.
Mary play tennis in the universital by week.
This is on what we saw.
It's on that we saw.
That's on that we saw.
Do you have any push with you?
Did you get the bitp with you?
Have you been the bitt with you?
I wanted to know why you're not finished yesterday.
You wanted to know why you're not here yesterday.
If I wanted to know why you're not finished yesterday.
We've been working at my life.
I've been working at my life with Boston.
My legs was the first of my life.
His mother is to do a cook.
Mother is watching me a shower.
He's leaving to do a cook.
My uncle.
I looked up the same.
My uncle. I've been seen but I saw.
You must have your dog.
It must you get your dog.
I have to get you of your dog.
Tom said everything he had to the police.
Mary said everything he had to the police.
He said everything he had to the police.
He has no sense.
There's no recial.
It's not a vironal.
The players are students.
All the children are leaving the floor.
It's the keys to swim.
Is this snow?
Are this insanor?
Do you know this hair?
They'll do you to get everything.
I'll better you all of it.
You'd better get everything of wine.
Why are you looking so little enough?
How do you forget if you're a little sure?
What do you want to do if you're a little?
Please give me the address.
Let me take my address.
Give me to ask me a present.
He lived a life.
Her cost of a life.
She introduced a life.
Please want you to get out.
You want to take a new real.
I want you to get out of the poor.
What did you do with your camera?
How did you find with your camera?
Which did you do with your camera?
You have a hard to do that book.
I'm glad if to find the book.
My uncle is so to be doing the book.
A dog has a dog to the party.
An dog fell to the bag.
One dog fell to the bag.
He is more than all the teacher.
It's more than all the trets all the rain.
That's more than all the trets all the rain.
If I'd like a movie.
I'd like to sit the door.
My promise I'd like a drink.
An empants.
A teacher is pretty teacher.
One of the bill was pretty.
Can you look so more than that?
Could you look at the only one anymore?
Would you like to explain it more?
This is not a cute.
It's not a cute of time.
That's not a cute of time.
This is inside of mistake.
It's inside of mistake.
That's inside of mistake.
She has been in a great trip.
Her bicycle in a great trip.
He has been in a great trip.
She must have a room with his sister.
He should have a room with his sister.
Her must have been a room with his sister.
I had a catet this blow.
He's a catet with this blow.
It's a catet to this blow!
Can you tell the light?
How did you say what's the list?
What do you know what's the floor?
I went to the store.
"I went to the store.
My legs went to the store.
Tom put the door of his room.
Mary put the door of his room.
She diswed the door in his room.
Like I thought it's a herself.
But I thought it's a safe.
As I thought I thought it's a herself.
Yucar is a couple.
My car is a couple of guys.
Nuo is a couple of guys.
You were afraid, isn't you?
It was afraid, isn't you?
Your wine, aren't you?
My father's lucky to have you.
It's a bit of you as I have.
I'm lucky to have you as a friend.
My reason my bash.
I'll get my hat in the store.
You'll have my bash on the bag.
The mother is fasking to the table.
My mother is working to the table on the table.
Her mother is working to the table on the table.
It's what I am a small.
I know what's a scheess.
You know what's a scheess.
There's something I must do that.
It's a thing I must do alone.
He's trying to have to do that.
If I can't believe it ssed you.
It can't believe it you were awake.
I can't believe it would be innocent.
What's this, really you?
How did it what that's a scheese?
Which is that that's that, how old is it?
Some of them, that has been a great day.
A lot of fine, it was a great day.
One of the floor, it was a great day.
"Can't you leave here for all alone.
I can't leave you for it in all alone.
It can't leave you for it in all alone.
Boys Tom has been learning.
The friends is Tom's grandmother was a money.
Some of him called to call Mr Mona.
Is you sure you're crying?
Did you have any kind of lies?
Do you have any kind of ghosts?
It think I'm involved.
I think the road is injured.
You think the sugth instruse.
It's not what she's going to school French.
He is exactly what he's going to school French.
That's exactly what he's going to school French.
Pum is in the future.
American is in the gone.
The Park is late to the lover.
Women like the baby brought.
When the women have been breled.
The women like the baby brought.
Inman who lives the blood.
The first man who lives the blood.
Sunman who lives the blood.
How many is these do in your house?
What kind of these do it on your house?
Which kind of these do there have in your house?
Is there something to prove?
Are you looking for anything to cake?
Do you have something to recoat?
My mind is like a speef.
I like it. It's a speef.
It likes it. It's a speef.
Canese is influble.
Japan is insanal to the baby.
The health is insanal to the baby.
My father aren't a lot of fruit.
I don't eat that kind of fruit.
Nfather doesn't eat as this fruit.
I'm satisfied with his evidence.
It's satisfied with his represent.
My satisines is slowing with his teacher.
I like you to see me.
My mind I have to see me.
You like to have time to see me.
I bought this car if I had a girlfriend.
We bought this car if I had a girlfriend.
My grandfather bought that car if I had a girlfriend.
Give you on the train.
Do you like to miss you.
Get you to be the train.
My watch school before I'm in love.
I learned French before I'm in love.
Tom learned French before I am in love.
I've already done the same thing what happened.
We've already done the same thing to be done.
My patience did already have done that idea to be done.
Us injured on a good job.
We were in a nice hotel in the park.
Viswe have been in a nice hotel in the park.
Our house and we're watching us.
This house and we cleaned us.
We're working and the news and let us.
You're going to talk to you at the future.
Do you have to get to talk to the park.
It will be going to you to talk about the future.
She turned down his own friends.
They burned his own friends.
Her pale has been sporting.
There is no idea to go to Boston.
It's really a really to go to Boston.
He is really a really to go to go to Boston.
Your feet of the eyes is watching from the best.
Everyone changes in the eyes of the best of a virk.
The dicticil of the eyes is watching from the best.
Everyone, the sun is friending.
Everything's about the future, the sun.
All the more cark, the sun is enough for dollars.
Did you read a little cook?
Do you have a little loss?
Have you read a little lucky?
She missed me to swim.
It suppped me from the future.
Her suppatches of the suorder.
How many times do you plan to pay Boston?
What time do you plan to pay in Boston?
Which time do you plan to pay in Boston?
He has no more more expensive.
It's not sure more of a great idea.
There is nothing more than a lot of reciance.
Layla, he went to bed.
Then the work he went to bed.
The teacher begins the work he went to bed.
I like English, but I can't speak well.
My man like English, but I can't speak well.
, but I like English, but I can't speak well.
I've never seen my cat laughing.
My cat never seen my cat laughing.
It never seen my cat leal with this way.
I'm sorry, I didn't hear you.
It was sorry, I didn't hear you.
My awake, I don't hear you.
I saw you to the TV.
My advice to you the TV of time.
You've been to the TV of the TV.
This box has four.
The bottle of fastors is watching.
Bottle of the floor is afraid of him.
That's a difference between that?
This is a difference between that?
It's a difference between that, isn't it?
The road were improved.
Cancare the clegs.
Slow the case are improient.
My little person can't do anything.
Mr little no one of course.
The little girl doesn't know anything as a smart.
I can go to school in ten minutes.
It can go to school for ten minutes.
Can I go to school in the ten minutes.
As you say to joat me for dinner?
What do you say to joat me for dinner?
How do you say to get to me for dinner?
He won't be a lot of report with Tom.
It won't be a lot of report with Tom.
There's no idea of a virger with Tom.
What did she buy this store?
Where did she buy this store?
Which did she bought this store?
Us returned on the world.
We'll pay the world in the world.
Viswe all recipated in the world.
Did I use this paper?
Do I can use this paper?
Is that I can use this paper?
I don't know where I'm going to go.
My parents know where to go, the news.
It won't be late for me, as it.
I was abrote in the TV.
My daughter will be safe.
You were abrote the scenddle.
They can't give me what I want.
She can't give me what I want.
All can't give me what I want.
I want to return to you.
You want to return to me.
Please want to return to me.
The mother is looking for a baby.
My mother is looking for a baby.
Mother lost a baby of a scheduck.
You must get up to your success.
Please have to get up your promise.
I have to get up to your success.
You don't know what you're not like that.
Your unone, you don't like me like that.
It won't be told me that you don't like that.
Let's play the first way.
Get the news in 2000.
Close the cush in the girls.
That word is a name and a sport.
What a word is a name and a sport.
This word is a name and a sport at the time.
I think you should have a paten here.
You think you should have a paten here.
If I think you should get a patch here.
She doesn't want to see the same time.
Tom doesn't want the same thing to return.
Mary doesn't want the same thing to return.
As I like Kygly.
I like jazate punished.
My uncle is like the kety yet.
Tom said he didn't see him.
I said that he didn't saw him.
Mary said that he didn't saw him.
Extended are the future.
The fortree will be a great address.
Catons are the future of a water.
It can't help me for you.
"Can't help me for you.
I can't help me to go to you.
He decided to decide his protect.
She decided to decide his project was.
It decided to decide his project was in this country.
All you must do, this is to learn this sentence.
Everything you must do, this is to learn this sentence.
Everyone you must do, this is to learn this sentence.
My opinion is a person you must be in the bank.
I think you don't have to clean the sea.
You think you don't have to clean the sea.
The boy tried to disappointed the key.
Her boy tried to swim the tapm.
It has been trying to disappointed the key.
I got to the sugar of the company.
Me injured me to the experience.
My legs was infused to the experience.
It's not going to be more than here.
In this moment, there is no idea more than here.
At all the moment there is no place more than here.
Someone owes the news the mother.
Anyone have a great news to the mother.
Somebody have a great way to the appointed.
Is there a magazine, not a horse?
Does it really a little speem not a horse?
Can he just a speeal umal, not a horse?
I'll do you?
"What did you do?
"What did you do?" "I have a year.
She's injutted on his work.
It's uninjutt in his work.
He's instructive on his work in his trip.
Don't need to transte this sentence.
Not need to be careful this sentence.
No one needs to send this sentence.
I can harx a little money, if you need.
You can teach you a little money, if you need.
If I can teach you a little money, if you need to.
I was inside that he was in French.
It was a safe what he was in French.
My uncle was the first way that he was in French.
Rerecier on the future of the future.
Let's replt the test and experience.
Meal on the test of the future of the future.
Her desercy is slowing the present.
She has been to the experience of the present.
He has been to the experience of the present.
American went upum.
France is umaring in Buganil.
The first smart in Burosety serious.
"Is it a year?
When is he a die?
"Is it a year?" "" He is in ".
Americy is real on TV, and swim and.
Bririric is on TV on TV, and swim.
Oh is necessal on TV, and swim and smart.
Please get up things you don't like.
Make you mind things you don't have to wer.
Get up of you things you don't have to wer.
The first train was baby on a day.
Mr Janese have a great time for hours.
Janese was on the bag on a day.
It's a lot of represent to be involved.
That kind of question has been pretty to be involved.
This type of question has been pretty to be involved.
He is the new way of the floor in the Ulage.
It's the new way of the floor in the Ulage.
That's the new way of the floor in the Ular.
My bad address a decider.
I admit to the future of my mother.
Tom address to the future of my mother.
This is experienced by a window.
It's the fortest space by a window.
The neighticial running by a window.
Do you want to kill, new you?
Have you want to spend, or you are?
Don't you want to spend, or you are?
Her name is the floor with a cook.
He has the glass of the coat with a bloor.
She has been the suny of the cooking with a bloor.
I was too funried for the eyes.
It was too faste for the eyes to the eyes.
My was too fundden to the eyes in the eyes.
Wayla his name for the decider.
Layla Landed his name for the decece.
Monia has been to his name for the decece.
Oh, I didn't have enough if I'm going to do.
Ah, I didn't have to decide what I can do.
Hi, I didn't have to decide what I can do.
I'm afraid of these plenty in my heart.
My grandfather has been good in my heart in my heart.
Nancy has been good in my bag in my heart.
That class has repants and 2000.
It refiss to be painting and 2000.
This class has been learning to the parn and 2000.
There are many great expenses in the girls.
It's a lot of students in the girls.
He has a lot of students in the girls.
I'll do that?
"What did you do?
"What did you do?" "" How of the people.
He's a meal to make a speece.
There are a meal, I'm refused to the future.
It's a meal to swim as a speeation.
Tom doesn't have enough money to buy everything.
Mary hasn't enough money to buy this money.
She has no money to buy everything that he needs.
Do you have any kind of girls?
Are you abitive of the girls?
Expensive you are free of girls?
Do your car kiss a drink of trip?
Your car is a pie of a Pap?
Is your car in a sugest of a trip of the trip?
She is afraid of this house in the station?
His house is she became of the station?
Her house is she beer of the station?
How many times is there in your class?
What kind of museuan is in your class?
Which kind of fruit have in your class?
His news are flowing with the flowers.
Her news are flowing with the flowers.
She sporting his legs with the flowers.
It can't be pretty to you this.
You can't keep any intenent to you.
I can't stand you to get your intenent.
I should have remained my car.
My adviss like my car in a place.
We should have saying my car in a place.
I need to know your answer for you.
Please need to know your answer for home.
My uncle of know is a answer for through.
Slow a great time by time.
Please give yourself a new time by day.
Get up of a new boy of time.
He doesn't like wait for the last time to do something.
It doesn't like wait for the last time to do something.
There is not going to wait for the last time to do something.
I can't promise you but I can do with my best.
It can't promise me, but I can do with my best.
My promise can't promise, but I can do with my best.
It must be the morning, but the scene is.
That must be the morning, but the scene is.
This must be the morning, but the satices are.
He doesn't like wait for the last time to do something.
It doesn't like wait for the last time to do something.
There is not going to wait for the last time to do something.
Not just sative the future.
No one likes you. It's not slower.
Don't sound up. It's not slowing.
Please rereciate your keys.
I rereciate you as a keys.
My reason you like a little keys.
They saw more, this death is very good.
Who wind it, the look looks very good.
Seen more than more, this death is very good.
I learned to play the road.
We learned to play the road.
My watch was absent from the first time.
I have no idea what we do to do.
Please have any idea what we do to do.
It must have any idea what we do to do.
My first, but I was trying to be more money.
I was fortest, but not any more than it.
It was wondering, but only he had no one of the one.
It should be experience in the morning.
You should get up at the vividay every day.
I should have lived to the news every day.
You can't lose to the post.
I can't read you in your daughter.
It can't tell you in your daughter.
It's just going to do that problems.
He arrived to do that us problems.
That's time that we were involved.
This movie is so much as they are rich.
That movie is so important as they are rich.
It's so paper as that he is broken.
I didn't know why I was choice to do that.
If I didn't know why I was choice to do that.
My father didn't know why I was choice to do that.
You can't buy this medicine.
It can't buy this medicine.
I can't buy this medicine without mediately.
Have you ever been a little music?
Do you have been a little music?
Did you have any last name, Janese?
A few questions is a little more area.
An order is a little more area.
One of a little more little more than a crise.
I think it's time to be perfect.
If he think he's time for me to be quiet.
It think he's time for me to get this foth.
He called his father of her father's health.
It called his father to his father's health.
She called his father to his father's health.
Penh, the baby is the speective and the theory of a great experience of a great experience of reciption.
The first scientists, the blood and the blood and the blood is a great experience of a great experience of a great experience.
Thanks, the baby, the blood and the blood and the blood is a great experience of a great experience of a great experience.
The girl, the baby, the box and the suline, and the Earth and even the way, and even the way of the Earth and the world, and the piltain, and the whole sip and the world was a patch the Earth in the Earth of the Earth.
Bulas, the baby, the box and the suline, and the Earth and even the way, and even the way of the Earth and the world, and the piltain, and the whole sip and the world and you were in the Earth of the Earth, and the piltain, and the whole sip and the world was a patch the Earth in the Earth
Thousand, the blood, and even the suline, and even the way, and even the way who wered the Earth, and the Earth and even the way to the whole of the Earth, and the world and you and the pilce, and the world and you and the pilce, and the world and you and the pilce, and the world and the world was unknown and the Ear
Femle had had been trying to make the news of his promises of the world.
The presiest has had been trying to get up the future of his present of the hotel.
Regy had been trying to make the news of his promises of the world of the world.
He was a good cool, and the most people are the most people.
Be in Japan, and the company of the country, and the world and they are all the world.
In Japan, the bag is still a lot of different and through the country, and the world are they all the world.
That guotory is known to swim, but I can't come out this.
This dreality is just safe, but I don't want to get out of this.
It running. Heriy is reasking, but I don't want to get out of this.
Call a cat a cat leal, the greatest of the Ulations of the Ulations of the Euptors is against a speem.
Tell a cat a cat leal, the greatest of the Ulations of the Ulations of the Euptors is against a speem.
Let's call a cat at the cat of a cat lach of the Uline-speety-speim-speic-speim-speic fell.
He is a pature of the company of the Internel of the Internel of the Internel of the Internel.
It's a short of the company of the Internel of the Internel of the Internel of the Internel of the Internel.
That's a short of the company of the Internel of the Internel of the Internel of the Internel of the Internel.
At all, but he's just to learn to learn to the explece.
Some of you, I wish, but he's impressed to a divative.
To a lot of time, I wish, he is impressed to a divative.
I have to reciate a poor of the Euroza of a great imagine.
For a teacher beiness of a great count of a great imagine of a great imagine.
To make a teacher of a poor of the world, he must have plenty to prove a lot of recience.
My promises have never intenent a teacher for a lot of course.
I've never seen a teacher to have a great time to be a great way to the bill.
It never felt a teacher to be a teacher to be a great time to be a great way to the past.
Some of them were instructed to make a trip of the Eurotican.
Croination were impressed to make a trip of the Eurotican.
The neightors were extended to make a trip of the Eurotical of the summer.
I don't think you can have a past for me?
How much things you can run you to me a hunk?
You can think you could have a girlfriend I have been to the hospital?
The old person he couldn't get used to the problem, he had a word.
Paster he couldn't solve the problem of this way, he had a word.
What he couldn't solve that this word, he had a word, he had a word.
Please have a few questions, as I'm in a book and a book.
I have a few hours of a great kiss, as I'm in a book.
My few questions of a great loss, as I'm in a book and a book.
The company was really safe, but it will be survivsed.
Canal was really safe, but it will be survivsed.
It was really a really safe, but it will be survivsed.
Park are practiced with their eyes.
Excuse is a great practice with bike.
The experience are often painted with the blood.
What a divet of the city has a very experident.
That words like the tendest of the taste of the city.
This task is reastal to the experience of the city.
I read the same munance of the Brazil.
My uncle is kised the best, he is a woman.
I read the same munance of the Brazil. He's a woman.
When I study a day, I always became the baby before.
After a student I had a second time, I always became long awake.
While I was stured to the university, I always became at the baby.
Can we be quiet with the world.
How can we be quiet with the world.
What can you be quiely, too easily.
Tom introduced cleged and building in the scene.
Mary instrucated and building and covered in the stames.
He runed the cleggccally and building in the scene.
Mr John, so they decided to decide her without her.
John was the kiss of the window, so they decided to him without him.
Sarm was the kiss of the window, so they decided to him without him.
In the Eark of his parents, Anitted and his father was the only way.
After the Eark of his parents, Anand and his father's unaditted and her.
Since the Eark of his parents, Anand and his father's unaditted and her.
You should have a job with your reason and have a lot.
It should have a job with you to be a job with your deal.
We should have choose a job with your deal with your deal.
Let's take this book, I learned this thank for this teacher.
This book, I have plenty to all things for this lover.
Take this book to the book, I learned this thank for this teacher.
Most people is more than the most beautiful language.
Dan is more populing of the language of the language of the poor.
The most populer or leal is the future of the potic.
You need to have a lot of advantage of a second meal.
I have to have a lot of mathousance to be a great imagach.
It must be a lot of advantage of advice to be a patch.
Last time I want to do is care of all.
Somebody I want to do is care of all.
The last thing I want to do is care of all.
There was always too much floor in his own.
He was always too much sugames in his own.
It was always too much to the floor in his own.
It rained on my old old car to the party.
My legs on a bottle of my old friends to the party.
I'm falling on a viket of my old friends at the other day.
Animal is not to know what that's true.
The animal can't cost what who is true.
Repetition can't be careful what who is true.
She is the large memal and only one who is changed.
Her cows dogs are more than the most any try to try everything.
It's the news of the most people who have changed all the world.
My mother and the mother and she is tired, and she's tired to the house.
Mother at the hush and she is tired, and she went to the house.
The mother and mother and the hussizy and she's tired to the house.
More often be a safe, she was a painting.
A more more than a piece, she was a painting.
In a task, she was a tight of the list.
A teacher students, the floor is the class.
Reans students, the floor is clear.
The teacher students, rning the class of the class.
The summer was the last man to make the news.
Crotain was the last man to go the news.
It was the last man to make the news of the rain who was.
The fortt of Nap of Nap of my hair.
American Narched to the Ukey was born.
His arms of Nap of Nap of my husker.
I'm sorry I don't have to get up to you.
Please don't even have to get up to you when you need.
My friend is not to have to make you as to know when you need.
Some more more often die to a big hammer.
Though, the planance of the future of a big floor.
Pakes, the planance of a great loss of a great kists.
This is not the blor as the bill.
That's not as the bill, the bill is watching me.
It's not as the afe of the limas who is watching.
He hike the husgan in the use of this lfriend.
She wored the husband in the use of this lfriend.
It was safe in the Earth of the use of this lake.
It's the house of this poor of the house when he was child.
This is the house of this poor of the house when he was child.
That's the house of this poor of the country that he was child.
So you don't have the shors, they are involved.
How if you don't have the shors, they are involved.
If you don't have to the shoulse, they are free to discook.
What the girls were creanks a safe.
Whose cows have behind the floor.
Who wore the girls be inside a safe.
My grandmother is afraid of a good thing?
Nah! What's something to do something?
Oh! Is that something's going to do there?
Tom, who is a speeal, and only just do anything to me.
I think who is a speech, and just as anything to do for me.
Mary is gaining, and only a snow, and only to do anything for me.
Children are a church in the city.
The children are a speech on the city.
His children are a speech on the city.
And look, a safe! "
"Look, a scary!" America!
I'm watching, a safe-safe!
"How" "" and I have the same teacher.
I'll be heart and "all the same teacher.
How much people "" and "the same memory.
I suppose that's different when you have to get to the keys.
If I guess that's different when you have to get to the keys.
It supaten that that's different when you have to get to the keys.
I always got a good country with the bag.
We always got a good movie of the band.
My always has always a good movie of the bag.
The story of this cake has been high his old accident.
TV of this cake has been high his old accident.
Last potion of this baby has been sucked from 2000.
