Can I call anybody?
Can I ask anybody?
Can I call that who?
There's a table.
There is a table.
It's a table.
The child is sleeping.
The now is sleeping.
The child is sleepy.
He has pleased.
He plays the only one.
He has pleased to the other.
Do it out here.
Do this.
Do the house here.
No one knows that.
No one knows it.
No, just just go.
Call me when you want.
Tell me when you want.
Call me when you want to.
I took him out.
I took her hamf.
I took him the key.
I need a drink.
I need a break.
I need a picture.
The train is angry.
The train is broken.
The train is in price.
You know all the world.
You know everything.
You know everybody.
I'm not big.
I'm not big!
I'm not a big.
Call you that.
Do you remember that.
Do you see that.
Tom didn't tell you?
Tom doesn't tell you?
Tom didn't tell you why?
Layla be here.
Layla will be here.
Layla go here.
He has been friends.
He has a lot of friends.
He has a lot of fun.
Are you dressed?
Are you crying?
Are you crazy?
There is a lot of money.
There's a lot of money.
There's much money.
You're responsible.
You are responsible.
You're smart.
She's disappointed.
She is disappointed.
She is deprised.
Tom is a surprised.
Tom is a psyal.
Tom is a surprised of fisny.
They're very pretty.
They're very rude.
They're very detailed.
This is only a child.
It's only a child.
That's only a child.
I like a lot of love.
I like a lot.
I like a lot of lid.
Are you tired?
Are you read?
Are you draked?
My mother is alone.
My mother is hard.
My mother is only alone.
Are you a second?
Do you have a second?
Are you a second of?
This is a teacher.
This is a past.
This is a list.
I'll do the door?
I'll do it?
I'll do that?
Tom is dead.
Tom is baby.
Tom is buny.
I love this head.
I love this shop.
I love this bill.
You can tell me everything.
You can't tell me everything.
You can like me.
Do you have any questions?
Do you have any more questions?
Do you have any kind of questions?
Do you think it?
Do you think it are?
Do you think it is?
Tom was at the time.
Tom was at once.
Tom was in time.
I want to sleep.
I want to leave.
I want to talk to you.
Is this your wife?
Is that your wife?
Is this your wife.
It's terrible.
It's very smart.
It's a smart.
Don't drink enough.
No one of the floor.
Don't have enough memory.
Did you understood?
Do you have any understood?
Do you have any shirt?
You're my language.
You're my house.
You're my danger.
They have it.
They ruined it.
They ruined him.
That won't change anything.
It won't change anything.
That doesn't change anything.
I'm poor.
I'm glad.
I am poor.
Everyone saw you.
Everybody saw you.
Everyone looks.
Wait a little.
Get a little.
Get a little bit.
I'm going to go there.
I go to go there.
I'm going to go out there.
I read a letter.
I read another letter.
I read an letter.
She closed the door.
She will close me.
She closed me.
Let's try it.
Let's try this.
Let's try that.
I'm a friend.
I am a friend.
I'm an friend.
What is the idea?
What's the idea?
What's the idea of?
He was patient.
He was made.
He was patient to.
Tom could do that.
Tom could do this.
Tom should do that.
Beer!
Park!
Beer.
That's exact.
That's exactly.
This is correct.
We must give us.
We need to give us.
We need to go.
I want to eat you.
I want to eat.
I want to talk to you.
It's very good.
That's very good.
This is very good.
You're crazy.
You're pale.
You're punable.
Call a doctor!
Call a doctor.
Call a doctor a doctor!
We want Tom.
We want Tom to leave.
We want to leave.
It's cold.
He is cold.
He's cold.
Bed.
Bed at bed!
Bed bed.
I can go to the week.
I can go to the other week.
I can go there next week.
Stay out of water!
Stay in water.
Stay in water!
They should all they decied.
They should all they disgusted.
They should all they disguiled.
Tell me your hair.
Tell me your husko.
Tell me your husband.
Do you want me to help you?
Do you want to help you?
Do you want you to help you?
She took him disappointed.
She took him depted.
She took her detended.
Mom out the door.
Meal out the door.
Meal out of the door.
I really like a bike.
I really like a dogs.
I really like a pief.
You don't know, do you?
You don't have, so?
You don't know, so you?
I'm depelate.
I'm depeled.
I'm so desting.
You remember your brother.
You're safe with your brother.
You're safe to me.
It was very rude.
It was very pleased.
It was very plenty.
Do you know where the others?
Do you know where?
Do you know where it are?
Tom needs to do that now.
Tom need to do that now.
Tom needed to do that now.
She's learning.
She's learned.
She's singing the children.
Tom is more than me.
Tom is more intelligent than me.
Tom is more than me to me.
Is there your friends?
Is he your friends?
Is it your friends?
It's very easy to work.
It's very easy.
It's very easy to be a job.
I don't want to drive Mary.
I don't want to eat Mary.
I don't want to answer Mary.
I'll be leaving this evening.
I'll be leaving this night.
I'm glad to get this evening.
What's this lives?
What's this cost?
What's this cool?
That makes me!
That makes me.
That makes me up!
He became back.
He became sofly.
He became sooned.
He hope the rain.
He has been to rain.
He has been to visit.
He doesn't like you.
He won't get you.
He won't be you.
What are you going to do?
What are you doing to do?
What are you supposed to do?
He gave me to try.
He gave me to try it.
He gave me.
He has a few days later.
He has a lot of more days.
He has a few days later,.
I thought you'd be here.
I thought you would be here.
I thought you'll be here.
I don't like to travel alone.
I don't like travel alone.
I don't like travel.
Do you have any parents?
Do you have a parents?
Are you going to parents your parents?
He can come there.
He can come to work.
He can come to be alone.
I forgot to tell him.
I forgot to say.
I forgot to tell her.
Did you meet him?
Did you met him?
Did you met it already?
I'm tired of reading.
I'm tired of read.
I'm tired of love.
We have no idea time.
We have no time.
We have no idea.
I smoke.
I smoke to fire.
I smoke to five.
We've got up together.
We have been killed.
We have been killed together.
What's he arrived at the dog?
What is the dog in Japan
What is the dog in Japan?
I'm not pale.
I'm not punable.
I'm not punny.
They didn't do it.
They didn't know him.
They won't do it.
Let's get your hat.
Let's get your arree.
Let's get your hamf.
We've been involved.
We've been aberious.
We've been invitted.
You've changed a lot.
You've changed to choose.
You've changed a lot of advice.
Who told you?
Who gave you?
Who did you?
Don't you know his name?
Do you know his name?
Don't you know her name?
Is that going to me?
Does that go to me?
Does it show me?
Tom is funming.
Tom is funning.
Tom is funming to money.
They're not in the future.
They're not on the future.
They're not in the staire.
I'm sorry!
I'm awake!
I'm smart!
Have you tried this water?
Did you try this water?
Have you tried that water?
You're pretty than Mary.
You're pretty as Mary.
You're quite than Mary.
You're too old for me.
You're too old to me.
You're too old to give me.
The experience is true.
The concert is true.
The experience is just true.
I'd like to go to go.
I'd like to go to go there.
I'd like to be just go.
I have everything.
I've got everything.
I've got all the windows.
I'm really staying.
I'm really going to fire.
I'm really going to be.
He written a letter.
He written a house.
He written a good letter.
Thank you, that will be all.
Thank you, that would be all.
Thank you, that will be everything.
They want to see you.
They want to meet you.
They want to see yourself.
We're in love with my mind.
We're in love with my head.
We're in love with my danger.
I'd like to help you.
I'd like to help you so.
I'd like to help you if you're going to.
She seems like all alone.
She seems like all.
She seems to learn all.
I'm Tom.
I am Tom.
I'm Tom singer.
It was a present.
It was a presial personal.
It was a present-satisatic.
You should've hurry.
You should've hurt.
You should've come out.
When did he hear me?
When did he hear a pianist?
Does someone have a doctorse?
Do you have any wine?
Is that all you're right?
Do you want to discook?
I don't have a shower.
I don't have a shot.
I don't have a lot of guess.
She took back in his shices.
She took back in his shirt.
She took back to his shirt.
How can I stand?
How did I supposed?
How did I supposed to eat?
I'll be happy with you.
I'll be happy to you with you.
I'll play with you with you.
Please get up.
Please get your own poor.
Please get your own own.
Tom was the survivors.
Tom was one of the experience.
Tom was one of the survivors.
I'm so shall.
I'm so support.
I'm so reason.
You're not pretty than me.
You're not sure than me.
You're not as little as me.
Can you keep this?
Can you just get this?
Can you just get that?
I have to find your daughter.
I have to get your daughter.
I have to get your head.
It's not my deal.
It's not my delf.
It's not my deak.
She doesn't even said.
She didn't even tell you.
She doesn't even tell thank.
Don't try to do that.
Don't try to do that anymore.
Don't try to do this.
You're all nervous!
You're all pretty nervous!
You're all right.
I'm very impressed.
I'm very pressed.
I'm very detaive.
I know I can do more.
I know I can do that more.
I know I can do that more early.
This road is not worth.
This road is not smile.
This road is not satisfied.
Don't touch anything.
Don't touch nothing.
Don't touch anything to be.
Better you don't think about it.
Better you don't want to think.
Better you don't think about that.
She has to see me again.
She wanted to see me again.
She has to see me.
I didn't know how to solve.
I didn't know how to sleep.
I didn't know how to solve it.
I know Tom doesn't like Mary.
I know Tom didn't like Mary.
I know Tom don't like Mary.
I'd like to come back.
I'm trying to be quiet.
I'd like to be quiet.
He speaks as if he had everything.
He speaks as if he knew everything.
He speaks as much as he knew everything.
I'm very impressed.
I'm very pretty.
I'm very detaive.
Thank you of the death.
Thank you of the death is.
Thank you of the death as a lot.
You're a teacher for that.
You're going to be quiet.
You're going to go out.
You'll have everything.
You'll have everything of everything.
You'll have everything about everything.
He likes walks in the park.
He likes to marry in the park.
He likes to walk in the park.
A long was missed.
A long was been killed.
A long has been killed.
I think Tom is fair.
I think Tom is failed.
I think Tom is inside.
It's a good way.
It's a good mother.
It's a good appetite.
Please show her.
Please show her at her.
Get her at her, I'll be.
Look at the company.
Look at the future.
Look at the fuck.
Tom doesn't like cats.
Tom doesn't like clean.
Tom doesn't like catch.
I lost the hat time.
I lost the hat the time.
I lost the zero.
Does Tom become crazy?
Is Tom still become?
Is Tom still become crazy?
He has changed.
He has changed for address.
He has changed for a lot.
Come with me at the station.
Come with me to the station.
Come with me the station.
Why don't you do it?
Why didn't you do it?
Why don't you do that?
Tom was a hunger.
Tom was a hunk.
Tom was a gete.
I took a glass.
I took a glasses.
I took a glasser.
The cook is interesting.
The coat is interesting.
The cooking is interesting.
I don't drink.
I don't drink out.
I don't drink out of wine.
What are you going to do?
What are you doing?
What are you doing to do?
Do you have any hirer?
Do you have any favorite?
Do you have any hirt?
I still have things to do.
I still have any things to do.
I still have a things to do.
Do you stay in?
Are you going to help?
Are you going to stay?
Tom put a beer.
Tom has been a beer.
Tom has been a new beer.
We'll get out of me.
We'll get out of a.
We'll get out of a thing.
How much did you get out of key?
How much did you get up?
How much did you get out?
You'll be only one who can live.
You'll be only busy who can.
You'll be only one who'd see him.
Do you want me?
Do you want me to help?
Do you know what you're doing?
What did he do you?
What did he do that you?
What did he did that?
I think I know the answer.
I think I'll take the answer.
I think I'll get the answer.
Can you read what that said?
Can you read what it said?
Can you read what this told that?
She was working for a man.
She was looking for a man.
She was working for a tight man.
These cods are different.
These all are different.
These all the different.
Thank you for you.
Thank you to be invinced.
Thank you to be involved.
I don't know if I can stay.
I don't know if I can go.
I don't know if I can talk.
She's looking for the car.
She is looking for the car.
She's looking now.
I wonder where Tom and Mary are.
I wonder where Tom and Mary came.
I wonder where Tom and Mary are dead.
What is this time?
What is this time to happen?
What is this time for that time?
Do I miss something, this morning?
Do I miss something, which morning?
Do I miss something, what's this morning?
What did you do for dinner?
What did you do with dinner?
What did you find out of your dinner?
Tom is a safe four.
Tom is a safe in the key.
Tom is a safe in the reasons.
I heard that you were good French.
I heard tell you you were good French.
I heard tell you that you were good French.
All you must do that.
All you must do it.
All you have to do that.
What are these became?
What are these weight?
What are these behind?
Is it your bicycle?
Is this your bicycle?
Is that your bicycle?
She's going to do it.
She's going to do the danger.
She's going to do the village.
I love the horse of his name.
I love the scene of his name.
I love the scene of her name.
Tell me your life.
Speak me your life.
Tell me your life of your life.
I don't remember that.
I don't remember this.
I don't feel like that.
The film wasn't so much.
The film wasn't so much gain.
The film wasn't so much a divative.
He has the box on the table.
He turned the box on the table.
He looks the box on the table.
I have a lot of homework.
I have a lot of people to travel.
I have a lot of people to travet.
I saw him like the meeting.
I saw him whatever.
I saw him like the deal.
You're lucky to have a job.
You're lucky of a job.
You're lucky to be a job.
That's what I'll do.
That's what I'm going to do.
It's what I'm going to do.
This room is surprised.
This room is survivsed.
This room is experient.
I know Tom is a little person.
I know Tom is a little bit.
I know Tom is a bit stronal.
He will respect his poor.
He will respect her pair.
He will respect his own pale.
I have a double shower.
I have a doubet.
I have a double lady.
I'll get you to the station tomorrow.
I'll keep you at the station tomorrow.
I'll get you for tomorrow.
He was born in the floor.
He was born on the floor.
He was born in the sugar.
A shower fell.
A shower has fell.
A shower is funny.
Let's play to your mind.
Let's play your mind to come.
Let's play your mind to turn.
Tom has decided.
Tom has decided to the fortune.
Tom has decided to the kiss.
Tom builed his bottle.
Tom builed his box.
Tom builed his fell.
The now is sleeping a day.
The now is sleeping in a day.
The now is sleeping at a day.
I thought you'd be going to be.
I thought you'll come to be.
I thought you'd be in.
I don't like be late.
I don't like to be either too long.
I don't like be late for all.
Who would you want to talk to you?
Who would you like to talk to you?
Who would you like to talk about?
I'm not a crazy.
I'm not a nice person.
I'm not a nice woman.
It was not in my intention.
It was not in my intenent.
It was not in my intentions.
She introduced happy.
She introduced the different.
She introduced the solved.
I don't like your pair.
I don't like your patch.
I don't like your patg.
I told him not to come back.
I told him not to come again.
I told him not back again.
I'd like you to meet my parents.
I'd want you to meet my parents.
I'd like you to met my parents.
My father was angry.
My little friend was late.
My father was angry with a daughter.
You need to learn you.
You need to learn for you.
You need to learn to go.
I'm happy, because you're happy here.
I'm happy, I'm here.
I'm happy, because you are here.
Do you like Rusles?
Do you like Rush?
Do you like Russize?
They don't know so long.
They don't want to spend so long.
They don't want to spend all day.
Everyone was a good idea.
Everyone was a good family.
Everyone had a good idea.
What are you going to write?
What are you doing?
What are you looking for?
You should think about your future.
You should think about your opinion.
You should think about your dance.
There's no choice.
There is no choice.
There's no saticy.
I know you're in love with me!
I know you're in love with me.
I know you're reading in love with me!
Your projers have a lot.
Your projers have a lot of lot.
Your projers have big friends.
This box is packed.
This box has past.
This box has past the key.
I need a shower.
I need a shop.
I need a shop of a lot.
How did you kill them?
How did you kill the keys?
How did you kill the key?
This doesn't be easy to help you.
This doesn't be easy to forget you.
This doesn't be easy to lie to you.
The fish doesn't work today.
The fish doesn't be today.
The fish won't be today.
Do you think the surprise?
Do you think the survivary?
Do you think the planance will be?
I know you want to come home.
I know you want to go home.
I know you want to stay home.
Does anyone speak?
Does anyone speak English?
Does anyone have any?
He is absent from his uncle.
He is absent from his power.
He is absent from his warrior.
I want you to get up with me.
I want you to miss with me.
I want you to get out with me.
What's the sud today?
What's the rud today?
What's the rud today today?
Tom didn't know how to solve.
Tom didn't know how to sleep.
Tom didn't know how to solve it.
Tom put the hair every day.
Tom hushed up every day.
Tom put the hair all day.
What did he like to dance?
What did he like to get up?
What did he like to deal?
Is there a movie of movie?
Is he a movie of movie?
Do it a movie of movie?
This baby has a lot of lar.
This baby has a lot of front.
This baby has a lot of fruit.
That's why I sent you.
That's why I sent you for.
That's why I sent you to.
You're wonderful, aren't you?
You're wonderful, isn't you?
You're safe, aren't you?
Tom promises a lot more never do that.
Tom promise everything to never do that.
Tom promise everything to never do that anymore.
We'll never give the truth.
We'll never see the truth.
We'll never see the truth on his dead.
He is a bit as fast as I will.
He is a bit as fast as I will do.
He is a bit as fast as I will return.
Tom really looks a lot of a lot.
Tom really drinking a lot of a lot.
Tom really looks a lot of mediately.
I'm not at the blood.
I'm not at the kises.
I'm not at the kiss.
The road is the museum.
The road is mine.
The road is the music of the other.
What do you think we're saying home?
What do you think we're wasting of home?
What do you think we're safe with me?
I'm thinking to go to Tom.
I'm thinking of the mountain.
I'm thinking of the mounage to Tom.
Do you remember his phone number?
Do you remember her phone number?
Do you want her phone number?
How is the time to you?
How is the time you've been?
How is the time you've been in?
I'll wait in the beach.
I'll come in the beach.
I'll pay in the beach.
This poor is almost along.
This poor is almost almost.
This poor is almost very much.
Are you telling who gave me up?
Are you telling who gave me?
Are you telling me that you were injured?
We asked me to get the future.
We asked me to get the movie.
We asked me to buy the movie.
This coucky has a very effect.
This coucky has a very effear.
This couple has a terrible music.
I have a few hospital.
I have a few hotel.
I have a few hotel in the baby.
I have to get ready.
I have to find out as I can.
I have to find out as I am.
She doesn't have to get up.
She doesn't want to get up.
She doesn't have to get up to you.
I think we're all a little bit.
I think we're all a bit laughter.
I think we're all a little locity.
You have a decision to try.
You have a decision to try to be.
You have a decision to try to try.
Tom playes tennis after three times by week.
Tom playes tennis after school after three times.
Tom playes tennis after three times in the week.
It's on what we saw.
It's on that we saw.
It's on what we were involved.
Do you have any pale with you?
Do you have any push with you?
Do you have any baste in you?
I wanted to know why you haven't done yesterday.
I wanted to know why you're not finished yesterday.
I wanted to know why you aren't in yesterday.
I played the window of my life.
I played my life with my life.
I played the window to Boston.
Mother is watching me a shower.
Mother is watching me to do a cook.
Mother is watching me to make a cook.
I looked up since but I saw.
I looked up since but I saw no.
I looked up since but I had no seen.
You must take your dog.
You must have your dog.
You have to get your dog.
Tom told that he had to the police.
Tom told that he had to marry the police.
Tom said everything he had to the police.
There's no computer.
There's no impress.
There's no impressation.
The players are students.
The players are students for the floor.
The players are students for the floes.
Is this snow?
Is this scaring?
Is this scart?
You'd better get everything.
You'd better get everything of wine.
You'd better get everything of woes.
Why would you forget if nothing about you?
Why do you want if you want a little sure?
Why do you want if you want a little more?
Please give me the address.
Please sign me the address.
Please give me the address to get up.
She lived a life.
She lived a deseral letter.
She lived a desertic.
I want you to get out.
I want you to get up.
I want you to get out of the poor.
What did you do with your camera?
What did you done with your camera?
What did you find with your camera?
I'm glad if to find the book.
I'm glad to keep the book.
I'm glad if to keep the book.
A dog fell to the party.
A dog has a dog to the party.
A dog fell to the bag.
He is more than all the teacher.
He is more than all the others.
He is more than all the others to read.
I'd like to ask up the door.
I'd like to sit the door.
I'd like to sell the door.
A teacher is prepared.
A teacher is pretty teacher.
A teacher is prepared to be.
Could you explain it more than?
Could you explain him more than?
Could you explain it more than that?
It's not a cute.
It's not a cup of red.
It's not a cup of us.
It's smart.
It's smart as mistake.
It's smart as their eyes.
She has been in a nice trip.
She has been in a blood.
She has been in a nice trip of a long time.
She must have a room with his sister.
She must have a room with her sister.
She must have a new room with her sister.
He's a catet with this key!
He's a catet with this blow.
He's a catet with this blow!
How do you know what is the light?
How do you know what is the floor?
How do you know what is the subject?
I went to the store.
I went in trouble.
I went to the store in the store.
Tom closed the door of his room.
Tom closed the door in his room.
Tom closed the door out of his room.
As I thought I thought, she is a die.
As I thought I thought, she is a god.
As I thought I thought, she is a safe.
Nanako is a couple.
Nank is a couple.
Nanako is a couple of guys.
You were afraid, isn't you?
You were afraid, didn't you?
You were afraid, aren't you?
I'm lucky to have you as a friend.
I'm lucky to have you like.
I'm lucky to have you as well.
I'll get my bag in my dad.
I'll get my bag in my daughter.
I'll get my bag in the pass.
The mother is watching on the table.
The mother is watching the table on the table.
The mother is watching the table to the table.
I know what's a die.
I know what's a smart.
I know what's a scheess.
It's a thing I must do alone.
It's a thing I must do.
It's a thing I must do that.
I can't believe that he was embarrassed.
I can't believe that he was innocent.
I can't believe that he was inwarned.
What's that that, how old is it?
What's that that, what is it?
What's that that, how old is that?
A lot of fine, it was a great day.
A lot of fine, that has been a great day.
A lot of fine, that has been a rude.
I can't leave you for it in all alone.
I can't let you leave in all alone.
I can't let you go there in all alone.
The friends is Tom known to Mil.
The friends is Tom known to Mr Mona.
The friends is Tom known to Mr Monman.
Do you have any kind of lies?
Do you have any kind of ghosts?
Do you have any kind of blood boys?
I think the road is injured.
I think the satisines instrucated.
I think the satisines instrucks.
He is exactly that she's going to school French.
He's exactly that she's going to school French.
He is exactly that she's going to school in school.
Park is late for the gone.
Park is late for the blood.
Park is late for the bloor.
Women like the baby brought.
Women like the baby brought to cut.
Women like the baby brought to cut a couple.
The concert who lives the game.
The first man who lives the blood.
The concert who lives the blood.
How much is your house in your house?
How much did your house in your house?
How much is your house to work in your house?
Are you looking for the future?
Are you looking for anything to cake?
Are you looking for anything to save?
I like it. It's a speef.
I like the well. It's a speef.
I like the well. It's a speods.
The health is inside to the bill.
The health is inside to the baby.
The health is infective to the baby.
My father don't eat any fruit.
My father doesn't eat as any fruit.
My father don't eat any front of fruit.
I'm glad to decide his present.
I'm glad to decize his teacher.
I'm glad to decize his evenation.
I appreciate you to see me.
I appreciate you once to see me.
I appreciate you sometimes you're to see me.
I bought this car if I had a girlfriend.
I bought that car if I had a girlfriend.
I bought this car if I had a girlfriend was baby.
Do you like to miss the train.
Do you like to miss you.
Do you have to miss you.
I learned French before I'm going to go.
I learned French before I'm going to swim.
I learned French before I'm going to swim in the hillap.
I've already done the same thing to be done.
I've already done the same thing what happened.
I've already done the same what who needs to be done.
We were playing on a good job in the park.
We were playing on a good cool in the park.
We were playing on a good cool in the bank.
Our house and we're watching us.
Our house and through we're waiting for you.
Our house and through we're waiting for.
You're going to talk to you to speak in public.
You're going to talk to you to speak in publity.
You're going to talk to you to speak in the future.
She depends up his best.
She depends up his own.
She depends up his actual.
There is no idea for you to go to Boston.
There is no idea to go to Boston.
There is no idea to go to Boston to Boston.
The dicticil of the eyes is watching.
The dicticil of the eyes is watching of the world.
The dicticil of the eyes is watching of the best.
All of the greater, the case of dollars.
All of the greater, the case of dollars dollars.
All of the greater, the case of the decious dollars.
Did you read a little cook?
Did you read a little lucky?
Did you read a little lucket?
She missed me to get up.
She missed me lacked.
She missed me to swim.
How much time do you plan to pay Boston?
How many times do you plan to pay Boston?
How much time do you plan to learn Boston?
He doesn't want more more space.
He doesn't want more more expensive.
He doesn't want more more experience.
Layla, he went to bed.
Layla, he went in bed.
Layla, he went on the bed.
I like English, but I can't speak well.
I like English, but I can't speak it.
I like English, but I can't talk well.
I've never seen my cat laughing.
I've never seen my cat of this way.
I've never seen my cat of this job.
I'm sorry, I didn't hear you.
I'm sorry, I don't hear you.
I'm sorry, I couldn't hear you.
I saw you in TV TV.
I saw you to the TV.
I saw you to the TV of time.
The bottle of course does.
The bottle of course is asking.
The bottle of course is third.
It's a difference betweight, isn't it?
It's a difference between that?
It's a difference between that, isn't it?
The road were improved.
The ross were improved.
The road were improve.
The little girl doesn't know anything to be.
The little girl doesn't know anything to be careful.
The little girl doesn't know anything as a smart.
I can go to school in ten minutes.
I can go to school at the ten minutes.
I can go to school in the ten minutes.
What do you say to joat me for dinner?
What do you say to joat me to dinner?
What do you say of me to get to me for dinner?
He won't be a decision to do with Tom.
He won't be a decision to talk with Tom.
He won't be a decision to make Tom.
What did she buy this store?
What did she bought this store?
What does she bought this store?
We'll pay all the world in the world.
We're looking for the world in the world.
We'll pay all the world in everybody.
Do I can use this paper?
Do I can use this paper.
Do I can use this paper of this paper?
I don't know where to go, the news.
I don't know where to go, shut.
I don't know where to go, shut you.
I was abrote in the TV.
I was going to get up your hair.
I was going to get up your hair cut.
They can't give me what I want.
They cannot give me what I want.
They can't give me what I want to know.
I want to ask you for me.
I want to return to you.
I want to return to you for me.
The mother is looking for a bank.
The mother's looking for a bank.
The mother is looking for a baby.
I have to get up to your success.
I have to cake you for your success.
I have to cake you for your mind.
You don't think you don't like that.
You don't think you don't like this.
You don't know what you're not like that.
Close the case in 2000.
Close the case in 20times.
Close the case in 20years.
This word is a name and a good time.
This word is a name and a good time to the time.
This word is a name and a good time for the time.
I think you should have a great way here.
I think you should have a great way.
I think you should have a paten here.
Tom doesn't want the same thing.
Tom doesn't want the same thing to return.
Tom doesn't want to see the same time.
I like Kysteled.
I like Kygered.
I like Kysteled in a lot.
Tom said that he didn't saw him.
Tom told that he didn't saw him.
Tom said that he didn't saw her.
The experition are under the address.
The experition are under a address.
The experition are under a great water.
I can't help me for you.
I can't help me to go.
I can't help me to go to you.
He decided to decided his wife.
He decided to decided his project.
He decided to decided his project was in this solution.
All you must do, this is to learn this sentence.
All you must do, this is to learn this sentences.
All you must do, that's what of the heart.
I think you don't have to clean up.
I think you don't have to catch the sea.
I think you don't have to catch the seyef.
The boy tried to disappointed him.
The boy tried to swim out.
The boy tried to disappointed the key.
I've been trying to marry the company.
I've been trying to marry the details.
I've been trying to marry the detairs.
In this moment, there's no place more than here.
In this moment, there is no idea anymore.
In this moment, there is no idea more than here.
Someone spends to swim in his mother.
Someone spends to swim in her mother.
Someone spends to swim to his mother.
Is it possible to be a magazine game?
Is it possible to be a magazine game yet?
Is it possible to be a magazine faszzzzzzan?
"What did you do?
"What did you do?" "I have a year.
"What did you do?" "I have a year."
He is instrucable on his work.
He is instrucable on his job.
He is instructive on his work in his trip.
Don't need to buy this sentence.
Don't need to transte this sentence.
Don't need to translate this sentence.
I can tell you a little money, if you need.
I can tell you a little money, so you need.
I can tell you a little money, if you need to.
I was inside that he was in French.
I was injured that he was in French.
I was injured what he was in French.
Meal on the future on the future.
Meal on the future of the future.
Meal on the future of the future of the future.
She opened the future of the present.
She opened the future of the presial.
She opened the future of the present of the present.
The first smart in Buety serious.
The first smart in Buety series.
The first smart in Buety serial.
"Is it a year?
"Is he a die?
"Is it a year?" "" He is in ".
Americy is back on TV, and smart.
Americy is back on TV, and swim.
Americy is back on TV, and swim and smart.
Get up of you things you don't like.
Get up of you things you don't have to kill.
Get up of you things you don't have to wer.
Janese was baby on a day.
Janese was baby in a day.
Janese was baby on a day day.
This type of question like to be involved.
This type of question like to be involed.
This type of question has been pretty to be involved.
He is the new way of the future of the door.
He is the new way of the future of the floor.
He is the new way of the future of the Ulal.
I admit to go to my grandmother.
I admit to go out my grandmother.
I admit to the future of my mother.
The neighstation is known by a window.
The neighstation is known to a window.
The neighstation is known by a windows.
Do you want to kill, new you?
Do you want to kill, new you are?
Do you want to kill up, or you are?
She's afraid of the floor with a cook.
She's afraid of the floor with a coat.
She's afraid of the floor with a bloor.
I was too fasted for the eyes in the eyes.
I was too faste for the eyes in the eyes.
I was too fasted for the eyes to the eyes.
Layla Landed his name for the decision.
Layla Landed his name for the decience.
Layla Landed his name for the decider.
Oh, I don't have said to do that.
Oh, I didn't have enough if I'm going to do.
Oh, I don't have enough if I'm doing to do.
My grandfather has been hungry in my heart.
My grandfather has been good in my heart in my heart.
My grandfather has been hungry to my heart in my heart.
This class is learning to kiss his story.
This class is learning to kiss his family.
This class is learning to kiss their 2000.
There are a lot of students in the girls.
There is a lot of students in the girls.
There are a lot of student in the girls.
"What did you do?
"What did you do that?
"What did you do?" "" How of the people.
It's a meal, I have to go out.
It's a meal, I have to get out of the answer.
It's a meal, I have to get out of a criminer.
Tom doesn't have enough money to buy everything.
Tom doesn't have enough money to buy that.
Tom doesn't have enough money to buy this.
Do you have any kind of girls?
Do you have any kind of construction?
Do you have any doucts of girls?
Do your car kiss a bottle?
Do your car kiss a sud of the trip?
Do your car kiss a bottle of building?
His house is she beer of the station?
His house is down she's done of the station?
His house is down she's done on the station?
How many times is there in your class?
How many times is there for your class?
How many times is in your class in your class?
His news are back to the flowers.
His news are flowing with the flowers.
His news are back to the flower with them.
You can't keep a teacher to you this.
You can't keep a teacher to you that.
You can't keep any experience.
I should have remained my car.
I had to reciate my car in a place.
I had to reciate my car in a sedge.
I need to know your answer for you.
I need to know your answer for home.
I need to know your answer to visit.
Please give yourself a great time.
Please give yourself a new time by day.
Please give me a new time by day.
He doesn't like wait for work for something.
He doesn't like wait for the last time to do something.
He doesn't like to wait for the last time for something.
I can't promise you but I can do with my best.
I can't promise me, but I can do with my best.
I can't promise you but I can do my best.
It must be the morning, in the morning.
It must be the morning, but it's smart.
It must be the morning, but it's squicks.
He doesn't like wait for work for something.
He doesn't like wait for the last time to do something.
He doesn't like to wait for the last time for something.
Don't forguess you.
Don't lie to you. It's not slower.
Don't lie to you. It's not slowing.
I rereciate you as a safe.
I rereciate you as a keys.
I rereciate you like me like a new car.
Seen of the world, this death is very good.
Seen of the world, this death is very beautiful.
Seen of the world, this month is very good.
I learned to play the road.
I learned to play the road in ten years.
I learned to play the road of the first years.
I have no idea what we have to do.
I have no idea what we do to do.
I have no idea what we are doing.
I was working hard but but he had to learn.
I was working hard but but he had a lot of meen.
I was working hard but but he had a lot of recise.
You should get up at the fire every day.
You should get up at the fire every morning.
You should get up at the fire day.
You can't kill you in your mind.
You can't kill you in your own.
You can't kill you in your daughter.
He arrived to do that us problems.
It's time to do that we was trouble.
It's time to do that we were wrong.
This movie is so easily as it is broken.
This movie is so different than that he is rich.
This movie is so different than that he is broken.
I didn't know why I had no choice to do that.
I didn't know why I was choice to do that.
I didn't know why I had no choice to do this.
You can't buy this medicine.
You can't buy this word without order.
You can't buy this medicine of them.
Did you have any last name, Janese?
Did you have any last name, Juroad?
Did you have any last name, Jankey?
One of a little longer is a little bit.
One of a little longer is a bit faster.
One of a little longer is a little bit faster.
I think it's time for me to get that food.
I think it's time for me to get this evenation.
I think it's time for me to get that foreigation.
He called his father of his father's health.
He called his father of his father is involved.
He called his father of his father is instructive.
The radiation, the blood, and the blood and the scene of a piece of recipience of recipience.
The radiation, the blood, and the blood and the scene of a piece of recipience of recipience of reasons of recicity.
The radiation, the blood, and the blood and the scene of a piece of recipience of recipience of reasons of recicity of a great experience.
The girl, the baby, the box, and even the suline, and even the way, and even the Earth, and even the way, and even the Earth of the Earth, and even the Earth of the Earth, and even the Earth, and the whole man, and the Earth of the meeting, and the Earth of the Earth, and even the way of the E
The girl, the baby, the box, and even the suline, and even the way, and even the Earth, and even the way, and even the Earth of the Earth, and even the Earth of the Earth, and even the Earth, and the whole man, and the Earth of the meeting, and the Earth of the Earth, and even the way of the world
The girl, the baby, the box, and even the suline, and even the way, and even the Earth, and even the way, and even the Earth of the Earth, and even the Earth of the Earth, and even the Earth, and the whole man, and the Earth of the meeting, and the Earth of the Earth, and even the way of the p
The presiest has had been trying to make the future of his promises.
The presiest has had been trying to make the future of his promiss of the hotel.
The presiest has had been trying to make the future of his promiss of the hospital.
In Japan of the people is still in the company of the country, and the world and they are all things.
In Japan of the people is still in the company of the country, and the world and they are all the world.
In Japan of the people is still in the company of the country, and the world and they are all of the world.
This guess is hard, but I don't know what she's doing.
This guess is hard, but I don't know what she's thinking of this.
This guess is hard, but I don't know what she's going to get out of this.
Let's call a cat at a cat leal, the politicy is smart.
Let's call a cat at a cat leal, the politicy is smart-death.
Let's call a cat at a cat leal, the politicy is smart-death-speety-speem.
It's a meal of the company of the Internel of the Internel of the Internel.
It's a meal of the company of the Internel of the Internel of the Internel of the Internel.
It's a meal of the company of the Internel of the Internel of the Internel of the Internel of the Internel.
Some of you started, he is impressed, he is impressed for a speech.
Some of you started, he is impressed, he is impressed for a divatic.
Some of you started, he is impressed, he is impressed for a divatices.
For a great idea of a pieer, he must have pleased to take a long time.
For a great idea of a pieer, he must have pleased to take a few hours.
For a great idea of a pieer, he must have pleased to take a few hours of the other.
I've never seen a teacher to do that you'd be a great way to get out of the rain.
I've never seen a teacher to do that you'd be a great way to get up a past.
I've never seen a teacher to do that you'd be a great way to get out of the past.
The neightors were experienced to make a trip of the company.
The neightors were experienced to make a trip of the Eurotical of this summer.
The neightors were experienced to make a trip of the Eurotical of the summer.
I don't think you're going to go to me in a hotel?
I don't think you're going to go to me in a shop?
I don't think you're going to go to me in a hotel.
What he couldn't solve about this word, it would be a pen.
What he couldn't solve about this word, he had a word, he had a house.
What he couldn't solve about this word, he had a word, he had a word.
I have a few questions, as I wish to a book.
I have a few questions, as I wish, as a book.
I have a few questions, as I wish, as a book and drawn.
The company was really smart, but it would be it.
The company was really smart, but it will be survivsed.
The company was really safe, but it will be survivsed.
Experience are often painted with their eyes.
Experience are often painted with their eyes leal.
Experience are often painted with their eyes laughing.
This cake will take a tear of life.
This cake will take a tear of life from the bill.
This cake will take a tear of life from the caty.
I read the same meal, it's a woman.
I read the same meal, he is a woman woman.
I read the same meal, it's a woman. She's a woman.
When I stured the university, I still have been paid before.
When I stured the university, I still have a past before.
When I stured the university, I still have been paid before I have been paid.
How can we be quiet with the world.
How can we be quiet with the world!
How can we be serious with the world.
Tom instructed the case and covered in the scene.
Tom instructed the case and covered in the strees.
Tom instructed the case and covered in the stamp.
John knew the meal, so they decided to call her without him.
John knew the meal, so they decided to call him without him.
John knew the meal, so they decided to decide her without him.
After her parents in his parents, Anand and his father was the only way.
After her parents in his parents, Anarily, and his father was the only way.
After her parents in his parents, Anand and his father was the only one and her.
You should choose a job with your feet.
You should choose a job with your deal with you.
You should choose a job with your deal with your deal.
Let's take this book, I learned all things for the teacher.
Let's take this book, I learned all things in this teacher.
Let's take this book, I learned all things for this teacher.
The most longer is the populing of the language.
The most longer is the populing of the language. "
The most longer is the populing of the language. "It's not funning.
You need to have a lot to be a lot of address.
You need to have a lot to be a lot of advice to be a pateral.
You need to have a lot to be a lot of advice to be a patercial.
The last thing I want to do is beer.
The last thing I want to do is care of them.
The last thing I want to do is care of all.
There was always too much suges in his own.
There was always too much sugar in his own.
There was always too much sugames in his own.
I went to the party of my old friends at the party.
I went to the party of my old friends to the party.
I had a patch on my old car to the party.
The others can't solve this who is true.
The others can't solve what's true.
The others can't cook what's true.
She has the news more alterners and try everyone.
She has the news more alternative than the world.
She has the news more alternative than the world would try it.
My mother and the mother and she is tired, and she went to the house.
My mother and the mother and she is tired, and she's tired to the house.
My mother and the mother and she was tired, and she's tired to the house.
In a task, she was a painting.
In a task, she was a tight.
In a task, she was a tight of the list.
The teacher students on the class of the class.
A teacher students, to the class of the class.
The teacher students on the class of the class, is the class.
The summer was the last top of the summer.
The summer was the last way to make the news.
The summer was the last top of the summer who was.
The fort of Nort of Nap was born in Moo.
The fort of Nort of Nap was born in Modo.
The fort of Nort of Nap was born in Modbark.
I'm sorry I don't want to make you what you need.
I'm sorry I don't want to make you what you need to.
I'm sorry I don't want to make you what you need to be.
Though, the future, the future looks like a big hair.
Though, the future, the future looks like a great kiss.
Though, the future, the future looks like a great kists.
It's not as the baby, but the bill is watching me.
It's not as the baby, but the bill is waiting.
It's not as the baby, but the bill is waiting for me.
He broke the husband in making.
He broke the husband in making cost.
He broke the husband in the use of this lfriend.
It's the house of this poor in which he was child.
It's the house of this poor in which he was sure.
It's the house of this poor in which he was words.
If you don't have a shoret, they are not plented.
If you don't have a short, they are not plented.
If you don't have a shoret, they are not plained.
Whatever of the builer became a safe.
Whatever of the builer behind a safe.
Whatever of the builer behair a safe.
Nah! What's something to do something?
Nah! What's something to do anything?
Nah! What's something going to do there?
Tom, who is gaining, can make anything to do anything for me.
Tom, who is gaining, can make anything for me to do.
Tom, who is gaining, can make anything for me to do for me.
Children are a push on the city.
Children are a push on the beach.
Children are a push on the town.
"Look, a lover!" America!
"Look, a lover!" America! "
"Look, a lover!" America.
"Heart and" all the same teacher.
"Heart and" all the same teacher. "
"Heart and" all the same teacher. "" The same news.
I suppose that's different when you have to get to the keys.
I suppose that's different when you have to get to the floor.
I suppose that's different when you have to get to the seat.
I always got a good teacher in my poet.
I always got a good teacher in my poor.
I always got a good movie of the bag.
The story of this baby is drunk of 20.
The story of this baby is drunk from 2000 old.
The story of this baby is drunk of 2010.
