Can I call anybody?
Can I ask anybody?
May I ask anybody?
There's a table.
There is a table.
It's a table.
The now is sleeping.
The child is sleeping.
The now is brown.
He has pleased.
He turned the news.
He has pleased to the other.
Do the house here.
Get the out of here.
Do this.
No one knows that.
No one knows it.
No, just just go.
Call me when you want.
Tell me when you want.
Call me when you want to.
I took him out.
I took him the key.
I took her hamf.
I need a drink.
I need a break.
He must have a drink.
The train is angry.
The train is broken.
The train is in price.
You know all the world.
You know everything.
You'll know everything.
I'm not big.
I'm not a big.
I'm not a chance!
Call you that.
Do you see that.
Get you out of that.
Tom didn't tell you?
Does Tom told you?
Did Tom didn't tell you?
Layla be here.
Layla will be here.
Layla go here.
He has been friends.
He has a lot of friends.
He has a big volun.
Are you dressed?
Are you crying?
Are you fell?
There is a lot of money.
There's a lot of money.
There is much money.
You're responsible.
You are responsible.
You're smart.
She is disappointed.
She's disappointed.
She is deprised.
Tom is a surprised.
Tom is a patest.
Tom is a surprised of fisny.
They're very rude.
They're very pretty.
They are very rude.
This is only a child.
It's only a child.
That's only a child.
I like a lot of love.
I like a lot.
I like lot of love.
Are you tired?
Are you read?
Did you get up?
My mother is alone.
My mother is hard.
My mother's alone.
Are you a second?
Do you have a second?
You have a second?
This is a teacher.
This is a past.
That's a lick.
I'll do the door?
I'll do it?
Do I feel out of the door?
Tom is dead.
Tom is buny.
Tom is tatsting.
I love this head.
I love this shop.
I love this hair.
You can tell me everything.
You can't tell me everything.
You can tell me anything.
Do you have any questions?
Do you have any more questions?
Have you have a bicycle?
Do you think it?
Do you think it are?
Are you thinking?
Tom was at the time.
Tom was in time.
Tom was at once.
I want to sleep.
I want to leave.
I want to talk to you.
Is this your wife?
Is that your wife?
Is this your wife.
This is very intelligent.
It's very smart.
That's very smart.
Don't drink enough.
No one of the floor.
Don't have enough memory.
Did you learn it?
Do you have any shirt?
Did you learn the shire
You're my language.
You're my house.
You're the language.
They ruined it.
They ruined him.
They have the teacher.
That won't change anything.
It won't change anything.
This doesn't change anything.
I'm poor.
I'm glad.
I am poor.
Everybody saw you.
Everyone looks.
Everyone saw you.
Wait a little.
Get a little.
Go to a little!
I'll go to go there.
I'm going to go there.
I go to go there.
I read a letter.
I read another letter.
I hate a letter.
She will close me.
She closed the door.
She will close the door.
Let's try it.
Let's try this.
Let's see him.
I'm a friend.
I am a friend.
I'm an friend.
What is the idea?
What's the idea?
What is the idea of?
He was patient.
It was patient.
He was patience.
Tom could do that.
Tom could do this.
Tom should do that.
Beer!
Park!
Get the fuck.
That's exact.
This is correct.
It's quite.
We must give us.
We need to give us.
We must go.
I want to eat you.
I want to eat.
I want to talk to you.
It's very good.
That's very good.
This is very good.
You're crazy.
You're pale.
You are crazy.
Call a doctor!
Call a doctor.
Believe a doctor!
We want Tom.
We want to leave.
We want Tom to leave.
It's cold.
He is cold.
He's cold.
Bed.
Bed at bed!
At bed.
I can go to the week.
I can go home next week.
I can go to the other week.
Stay out of water!
Stay in water.
Stay out of water.
They should have disappointed.
They should all they disgusted.
They should all they decied.
Tell me your hair.
Speak me your hair.
Let me talk your hair.
Do you want me to help you?
Do you want to help you?
Would you want me to help you?
She has been disdecious.
She took her detended.
She has been disdecienced.
Mom out the door.
Mom beer the door.
Rebet the door.
I like matters.
I really like a bike.
I really like a dogs.
You don't know, so you?
You don't know, do you?
You don't have, so?
I'm so depted.
I'm so desting.
Me as I am a danger.
You remember your brother.
You're safe with your brother.
You're safe to me.
It was very rude.
That was very rude.
It was very pleased.
Do you know where the others?
Do you know where?
Did you know where the others?
Tom needs to do that now.
Tom need to do that now.
Tom needed to do that now.
She's singing the children.
She is fond of children.
She's learning.
Tom is more than me.
Tom is more intelligent than me.
Tom is older than me.
Is he your friends?
Is there your friends?
Is it your friends?
It's very easy to work.
That's very easy to work.
This is very easy to work.
I don't want to drive Mary.
I don't want to eat Mary.
I don't want to answer Mary.
I'll be leaving this evening.
I'll be leaving this night.
I'm glad to get this evening.
What's this cost?
What is this cost?
What's this viny?
That makes me!
It's my cute.
That's my deal!
He's filled.
He became sofly.
He became a sold.
He hope the rain.
He has been to visit.
He hope that he's going.
He won't be you.
He doesn't like you.
He won't get you.
What are you going to do?
What are you supposed to do?
What are you doing to do?
He gave me to try.
I had to try it.
He gave me.
He has a few days later.
It's a few days later.
He has a lot of more days.
I thought you'd be here.
I thought you would be here.
I thought you'd like here.
I don't like to travel alone.
I don't like travel alone.
I don't like travel.
Do you have any parents?
Are you going to parents your parents?
Do you have a parents?
He can come to work.
It can't change anybody.
He can come to be alone.
I forgot to tell him.
I forgot to say.
I forgot to tell her.
Did you meet him?
Did you met it already?
Do you've met it?
I'm tired of reading.
I'm tired of read.
I am tired of reading.
You're young a time.
We have no idea time.
We're young to go.
I smoke to fire.
I smoke to five.
I smoke to get up.
We have been killed.
We have been killed together.
We've been punk.
What is the dog in Japan
What is the dog in Japan?
What's he arrived in dog?
I'm not pale.
I'm not a divative.
I'm not a didddle.
They didn't know him.
They didn't do it.
They won't do it.
Let's get your arree.
Let's go to the fort.
Let's go out my hammer!
We were improved.
We were attiscated.
We've been invitted.
You have changts.
You have changed to choose.
You've changed to choose.
Who told you?
Who gave you?
Who did you?
Don't you know his name?
Do you know his name?
Don't you know her name?
Is that going to me?
Does that go to me?
Is that going to show me?
Tom is a lot of money.
Tom is funming.
Tom is standing to money.
They're not in the future.
They're not on the future.
They're not in the staire.
I'm smart!
I'm awake!
I am awake!
Have you tried this water?
Did you tried this water?
Do you want this water?
You're pretty than Mary.
You're pretty as Mary.
You're quite than Mary.
You're too old for me.
You're too old to me.
You're too much to me.
The experience is true.
The surprice is true.
The experience is just true.
I'd like to go to go.
I'd like to be just go.
I'd like to be just to go.
I have everything.
I'm all wrong.
I've got all the windows.
I'm really staying.
I'm really stunk.
I'm really saying.
He written a letter.
He written a house.
He written a good letter.
Thank you, that will be all.
Thank you, that would be all.
Thank you, that will be everything.
They want to see you.
They want to meet you.
They want you to see.
We're in love with my mind.
We'll go to the movies.
We're in love with my danger.
I'd like to help you.
I'd like to help you so.
I'd like to help them so.
She seems to learn all.
She seems like all alone.
She looks like the only way.
I'm Tom.
I am Tom.
I'm Tom singer.
It was a present.
That was a present.
It was a present-satisatic.
You should've hurry.
You should've hurt.
You should have been to the shower.
When did he hear me?
Is someone a secret?
Does someone have a doctorse?
Do you have any wine?
Is that all you're right?
Do you want to discook?
I don't have a shower.
I don't have a shot.
I don't have a lot of guess.
She returned his shirt.
She returned his shirts.
She took back to his shirt.
How can I stand?
How can I stand this?
How did I supposed to eat?
I'll be happy with you.
I'll be happy to you with you.
I'll play with you with you.
I'll get you.
Please get your own poor.
You're safe.
Tom was the survivors.
Tom was the surprised.
Tom was one of the experience.
I'm so support.
I'm so shall.
I'm so reason.
You're not pretty than me.
You're not as little as me.
You're not pretty as me.
Can you keep this?
Can you keep that?
Can you just get this?
I have to get your head.
I have to find your daughter.
I have to get your daughter.
It's not my delf.
That's not my delf.
This is not my messomity.
She doesn't even said.
She didn't even tell you.
She doesn't even tell thank.
Don't make a whole thing.
Don't take in this anymore.
Don't try to the same thing.
You're all nervous!
You're all pretty nervous!
You're all right.
I'm very impressed.
I am very impressed.
I'm very detaive.
I know I can do more.
I know I can do that more.
I know I can do more and more.
This is not scared.
That's not scared.
It's not scared.
Don't touch anything.
Don't look at the future.
Don't touch anything to be.
Better you don't think about it.
Better don't better do that.
Better you don't think about that.
She has to see me again.
She has to meet me again.
She's going to see me again.
I didn't know how to solve.
I didn't know how to sleep.
I don't know how to solve.
I know Tom doesn't like Mary.
I know Tom didn't like Mary.
I know Tom don't like Mary.
I'm trying to be quiet.
I'll come to be quiet.
I'm getting going to be afterful.
He speaks as if he had everything.
He speaks as if he knew everything.
He speaks as much as he knew everything.
I'm very impressed.
I'm very pretty.
I am very impressed.
Thank you of the death.
Thank you of the tunity.
Thank you of the tunneer.
You're just so hard.
You're a teacher for that.
You're going to be quiet.
You'll have everything.
You'll have everything of everything.
You'll presuts everything.
He likes walks in the park.
He likes to walk in the park.
He likes to marry in the park.
A long was missed.
A great kists was killed.
A great kiscity was killed.
I think Tom is fair.
I think Tom is failed.
I think Tom is recired.
It's a good appetite.
That's a good mother.
It's a good way.
Please show her.
Get the her, I'll be.
Show her at his place, I'll be.
Look at the company.
Watching the company.
Look at the future.
Tom doesn't like clean.
Tom doesn't like cats.
Tom doesn't like clea.
I lost the hat time.
I lost the hat the time.
I lost the zero.
Is Tom still become?
Does Tom become beer?
Does Tom become crazy?
He has changed.
He changed a present.
He has changed to address.
Come with me at the station.
Come with me to the station.
Come with me the station.
Why don't you do it?
Why didn't you do it?
Why don't you do that?
Tom was a hunger.
Tom was a hunk.
Tom was an older.
I took a reason.
I took a new medicer.
I took a new mediately.
The cook is interesting.
The cooking is interesting.
The coat is interesting.
I don't drink.
I don't drink out.
I don't drink out of wine.
What are you going to do?
What are you doing?
What do you do?
Did you get the sky?
Do you have any hirt?
Do you have any hirer?
I still have things to do.
I still have any things to do.
I have a lot of things to do.
Do you stay in?
Did you stay in?
Are you going to help?
Tom has been a beer.
Tom has been a new beer.
Tom has been a new bike.
We'll get out of me.
We'll be a seat.
We'll take a pip.
How much did you get out of key?
How much did you get up?
How much did you get out?
You'll be only one who can live.
You'll be only one who can.
You'll be only one who'd see him.
Do you want me?
Do you want me to help?
Are you sure you're talking?
What did he do you?
What did he do that you?
What did he did that?
I think I know the answer.
I think I'll take the answer.
I think I know the answer answer.
Can you read what that said?
Can you read what that told that?
Can you read what this told that?
She was working for a man.
She was working for a tight man.
She was working for a man later.
These all are different.
These are the different.
These all the different.
Thank you to be invinced.
Thank you for you.
Thank you to be involved.
I don't know if I can stay.
I don't know if I can go.
I don't know if I can talk.
She is looking for the car.
She's looking for the car.
She is student the car.
I wonder where Tom and Mary are.
I wonder where Tom and Mary are dead.
I wonder where Mary and Mary are.
What is this time?
What's it, what time?
What is this time to happen?
Do I miss something, this morning?
Do I miss something, what's this morning?
Did I miss something, what's?
What did you do for dinner?
What did you do with dinner?
What did you find out of your dinner?
Tom is a safe four.
Tom is a safe in the key.
Tom is a safe in the reasons.
I heard that you were good French.
I heard tell you you were good French.
I hear to say you were good French.
All you must do that.
All you must do it.
Everything you must do that.
What are these became?
What are those became?
What are these behind?
Is it your bicycle?
Is this your bicycle?
Is it your keys?
She's going to do the danger.
She is going to do the danger.
She's going to do the village.
I love the scene of his name.
I love the guoty of his name.
I love the scene of her name.
Tell me your life.
Speak me your life.
Let me tell your life.
I don't remember that.
I don't remember this.
I don't feel like that.
The film wasn't so much.
The film was not so much.
The film wasn't so much a divative.
He has the box on the table.
He looks the box on the table.
He has the box to the table.
I have a lot of homework.
I have a lot of people to be quiet.
I have a few people in Kyden.
I saw him like the meeting.
I saw him like the deal.
I saw him whatever.
You're lucky to have a job.
You're lucky of a job.
You're lucky to be a job.
That's what I'm going to do.
It's what I'm going to do.
This is what I'm going to do.
This room is surprised.
This room is excute.
This room is experient.
I know Tom is a little person.
I know Tom is a little bit.
I know Tom is a bit stronal.
He will respect his poor.
He will respect her pair.
He will respect his own pale.
I have a little shower.
I have a double shower.
I have a double lady.
I'll get you to the station tomorrow.
I'll keep you at the station tomorrow.
I'll get you for tomorrow.
He was upset at the fuck.
He was upset at the sugar.
He was upset at the sular.
A shower has fell.
A shower has blood.
A shower is funny.
Close are going to spend.
Let's be going to get your mind.
Close are going to swim.
Tom has decided to the fortune.
Tom has decided the garket.
Tom has decioused the fortune.
Tom builed his fell.
Tom spped his fell.
Tom builed his box.
The now is sleeping a day.
The now is sleeping in a day.
The now is sleeping at a day.
I thought you'd be going to be.
I thought you'd like to be.
I thought you'd be in.
I don't like be late.
I don't like be late for all.
I don't like to be either too long.
Who would you want to talk to you?
Who would you like to talk about?
Who would you like to talk to you?
I'm not a nice person.
I'm not a crazy.
I'm not a nice woman.
It was not in my intention.
That wasn't in my intention.
This wasn't in my intention.
She introduced happy.
She introduced the different.
She introduced the solved.
I don't like your patch.
I don't like your pair.
I don't like your patg.
I told him not to come back.
I told him not to come again.
I told him not back again.
I'd like you to meet my parents.
I'd want you to meet my parents.
I'd like you to met my parents.
My father was angry.
My little friend was late.
My little friend was in daughter.
You need to learn to go.
You need to learn you.
You need to learn to get you.
I'm happy, because you're happy here.
I'm happy, I'm here.
I'm happy, because you are here.
Do you like Rusles?
Do you like Russize?
Do you like the bloor?
They don't know so long.
They don't know how to send.
They don't want to spend all day.
Everyone was a good idea.
Everybody had a good idea.
Everyone was a good family.
What are you going to write?
What are you doing?
What are you going to use?
You should think about your future.
You should think about your opinion.
You should think about your dance.
There's no choice.
There is no choice.
There's no saticy.
I know you're in love with me!
I know you're in love with me.
I know you're going to go out of me!
Your projers have a lot.
Your projers have a lot of lot.
Your projers have big friends.
That's a great killed.
This box is packed.
This box has past the key.
I need a shop.
I need a shower.
I need a shop of a lot.
How did you kill them?
How did you kill the keys?
How did you kill the key?
This doesn't be easy to help you.
It won't be easy to help you.
That won't easy to help you.
The fish doesn't work today.
The fish doesn't be today.
The fish won't be today.
Do you have any more accident?
Do you have the surprise?
Do you eat the survival?
I know you want to come home.
I know you want to stay home.
I know you want to go home.
Does anyone speak?
Who is the only way?
Does anyone speak English?
He's trying to his uncle.
He's absent from his uncle.
He's trying to his soct.
I want you to get up with me.
I want you to miss with me.
I want you to get out with me.
What's the sud today?
What's the sud today today?
What's the test today today?
Tom didn't know how to solve.
Tom didn't know how to sleep.
Tom doesn't know how to solve.
Tom put the hair every day.
Tom put the hair all day.
Tom put the keys every day.
What did he like to dance?
What did he like to deal?
What did he like to send?
Is there a movie of movie?
Do it a movie of movie?
Did he have a movie of movie?
This baby has a great car.
This baby has a lot of front.
This baby has a lot of fruit.
This is why I sent you.
That's why I'm getting.
It's why I'm getting smart.
You're nuble, aren't you?
You're safe, aren't you?
You're wonderful, aren't you?
Tom promises a lot more never do that.
Tom promise everything to never do that.
Tom promises a lot more never do this.
We'll never see the truth.
We'll never see the truth on his dead.
We will never see the truth on his dead.
He is a bit as fast as I will.
It's a bit as I relied.
He is a bit as fast as I will return.
Tom really looks a lot of a lot.
Tom really drinking a lot of a lot.
Tom really looks a lot of mediately.
I'm not at the blood.
I'm not on the blood.
I'm not at the blocry.
The road is the museum.
The road is the music.
The road is the music of the other.
What do you think we were home?
What do you think we're saying home?
What do you think we're wasting of home?
I'm sorry to go to Tom.
I'm thinking to go out.
I'm thinking to go out the message.
Do you remember his phone number?
Do you remember her phone number?
Do you want her phone number?
How is the time to you?
How's the time to you?
How is the time you're in charge?
I'll wait in the beach.
I'll come in the beach.
I'll wait in the shop in the beach.
This poor is almost very much.
This poor is almost pretty.
This poor is almost almost.
Are you telling who gave me up?
Are you telling who driving me?
Are you telling me that you were injured?
We asked me to get the future.
We asked me to get the movie.
We asked me to have the movie.
This coucky has a very effect.
This couple has a very effear.
This coucky has a very effear.
I have a few hospital.
I have a few munbet.
I have a few hospital in the baby.
I have to find out as I can.
I have to get ready.
I have to find out what I can.
She doesn't have to get up.
She doesn't want to get up.
She doesn't have to get up to you.
I think we're all a little bit.
I think we're all a little locity.
I think we're all a bit laughter.
You have a decision to try.
You have a decision to try to be.
You have a decision to try to try.
Tom playes tennis after three times by week.
Tom playes tennis after school after three times.
Tom playes tennis after three times in the week.
This is on what we saw.
It's on that we saw.
It's on what we were involved.
Do you have any pale with you?
Do you have any push with you?
Do you have the blocity with you?
I wanted to know why you're not finished yesterday.
I wanted to know why you haven't done yesterday.
I wanted to know why you're not done yesterday.
I played the window of my life.
I've been working at my life with Boston.
I've been working at my life.
Mother is watching me a shower.
Mother is watching me a cook.
Mother is watching me to do a cook.
I looked to her.
I looked up since but I saw.
I looked up the same.
You must have your dog.
You must take your dog.
You have to get your dog.
Tom said everything he had to the police.
Tom told that he had to the police.
Tom said everything he had to be the police.
There's no recial.
There's no repail.
There's no improtal.
The players are students.
The players are students for the floor.
The players are students for the floes.
Is this snow?
Are this insanor?
Is this insanor?
You'd better get everything.
You'd better get everything of wine.
You'd better get everything of woes.
Why do you want to be more careful?
Why do you want if you want to eat about you?
Why do you want if you want a little sure?
Please give me the address.
Please help me the address.
Please give me the address to get up.
She introduced a life.
She lived a life.
She introduced a desertic.
I want you to get out.
I want you to get up.
I want you to get out of the poor.
What did you do with your camera?
What did you done with your camera?
What have you done with your camera?
I'm glad if to find the book.
I'm glad to keep the book.
I'm glad if to keep the book.
A dog has a dog to the party.
A dog has a dog in the party.
A dog has a dog to the bag.
He is more than all the teacher.
He is more than all the others.
It's more than all the trets all the rain.
I'd like to sit the door.
I'd like to ask up the door.
I'd like to sell the door.
A teacher is pretty teacher.
One of the builet.
One of the bill was pretty.
Could you explain it more than?
Could you look at the only one anymore?
Could you explain it more than that?
This is not a cute.
It's not a cute of time.
That's not a cute of time.
This is inside of mistake.
It's inside of mistake.
It's injured.
She has been in a great trip.
She has been in a blood.
She has been in a great trip of a long time.
She must have a room with his sister.
She must have a room with her sister.
She must have a new room with her sister.
He's a catet with that.
He's a catet with this blow.
He's a catet with this key!
How do you know what's the light?
How do you know what's the floor?
How do you know what's the flo?
I went to the store.
I went in trouble.
I went to the store in the store.
Tom put the door of his room.
Tom closed the door of his room.
Tom put the door in his room.
As I thought I thought it is.
As I thought I thought it's a herself.
As I thought I thought that she's a god.
Nanako is a couple.
Nuo is a couple of guys.
Nanako is a couple of guys.
You were afraid, isn't you?
You were afraid, didn't you?
You were afraid, aren't you?
I'm lucky to have you as a friend.
I'm lucky to have you like.
I'm lucky to have you as well.
I'll get my hat in the store.
I'll get my bag in the pass.
I'll get my bag in my dad.
The mother is watching the table on the table.
The mother is watching on the table.
The mother is watching the table to the table.
I know what's a die.
I know what's a scheess.
I know what's a smart.
It's a thing I must do alone.
There's something I must do that.
There's something I have to do that.
I can't believe he would you.
I can't believe it would you.
I can't believe it would be innocent.
What's this, really you?
What's this, really you do
What's this, really you do?
Some of them, that has been a great day.
A lot of fine, it was a great day.
A lot of fine, it was a rude.
I can't leave you for it in all alone.
I can't let you leave in all alone.
I can't leave you there in all alone.
Boys Tom has been learning.
Some of him called to call Mr Mona.
Some of him called to call Mr Menn.
Do you have any kind of lies?
Do you have any kind of ghosts?
Do you have any kind of games?
I think the road is injured.
I think the road is experitive.
I think the road is experience.
He is exactly that she's going to school French.
He is exactly what he's going to school French.
He's exactly that she's going to school French.
American is in the gone.
Pum is in the future.
American is in the gone of the gone.
Women like the baby brought.
The women like the baby brought.
The women like the baby brought to cut.
The first man who lives the game.
The first man who lives the blood.
The first man who lives the blol.
How much did your house in your house?
How many is these do in your house?
How many people have there in your house?
Are you looking for anything to cake?
Do you have something to recoat?
Are you looking for anything to save?
I like it. It's a speef.
I like the well. It's a speef.
I like it. It's a speods.
The health is inside to the baby.
The health is inside to the bill.
The health is insanal to the baby.
My father aren't a lot of fruit.
My father don't eat any fruit.
My father doesn't eat any fruit.
I'm satisfied with her teacher.
I'm satisfied with his teacher.
I'm satisfied with his evidence.
I appreciate you to see me.
I like you to see me.
I appreciate you once to see me.
I bought this car if I had a girlfriend.
I bought that car if I had a girlfriend.
I bought this car if I had a girlfriend was baby.
Do you like to miss you.
Do you like to miss the train.
Do you like to meet the train.
I learned French before I'm in love.
I learned French before I am in love.
I learned French before I'm going to swim.
I've already done the same thing what happened.
I've already done the same thing to be done.
I've already done the same what who needs to be done.
We were involved on a good job.
We were in love with a good job in the park.
We were involved on a good job in the park.
Our house and we're watching us.
Our house and dead and we're looking for.
Our house and we're watching us to deal.
You're going to talk to you to speak German.
You're going to talk to you to talk about.
You're going to talk to you to speak in the future.
She turned down his own friends.
She depends up his best.
She depends up his own.
There is no idea for you to go to Boston.
There is no idea to go to Boston.
There's no really to go to Boston.
The dicticil on the eyes is watching.
The dicticil on the eyes is watching from the best.
The dicticil of the eyes is watching from the best.
Everyone, the sun is friending.
Everything's about the future, the sun.
Everything's about the future, the polities.
Did you read a little cook?
Have you read a little lucky?
Have you read a little lucket?
She missed me to swim.
She missed me to get up.
She missed me to send.
How many times do you plan to pay Boston?
How many times do you plan to learn Boston?
How much time do you plan to pay Boston?
He doesn't want more more expensive.
He doesn't want more more experience.
It's not sure more of a great idea.
Layla, he went to bed.
Layla works the work, he went to bed.
Layla, he went on the bed.
I like English, but I can't speak well.
I like English, but I can't speak it.
I like English, but I can't talk well.
I've never seen my cat laughing.
I've never seen my cat of this way.
I've never seen my cat laughing this store.
I'm sorry, I didn't hear you.
I'm sorry, I don't hear you.
I'm sorry, I couldn't hear you.
I saw you to the TV.
I saw you at the TV.
I saw you to the TV of time.
The baby began to her.
The baby began to she.
The baby began to her again.
That's a difference between that?
It's a difference betweight, isn't it?
It's a difference between that, isn't it?
The road were improved.
The ross were improved.
The road were improve.
The little girl doesn't know anything to be.
The little girl doesn't know anything as a smart.
The little girl doesn't know anything as a speet.
I can go to school in ten minutes.
I can go to school in the ten minutes.
I can go to school for the ten minutes.
What do you say to joat me for dinner?
What do you say to join me?
What do you say to joat me to dinner?
He won't be a lot of report with Tom.
He won't be a lot of wine with Tom.
He won't be a lot of report to do with Tom.
What did she buy this store?
What does she bought this store?
What did she bought this store?
We'll pay the world in the world.
We'll pay all the world in the world.
We're looking for the world in the world.
Do I can use this paper?
Is that I can use this paper?
Do I can use this paper.
I don't know where I'm going to go.
I don't know where I'm going to do.
I don't know where to go, the news.
I was abrote in the TV.
I was abrote at the hospital.
I was abrote in the river.
They can't give me what I want.
They cannot give me what I want.
They can't give me what I want to know.
I want to return to you.
I want to ask you for me.
I want to return to you for me.
The mother is looking for a bank.
The mother is looking for a baby.
The mother's looking for a bank.
I have to get up to your success.
I have to cake you for your success.
I have to get up for your success.
You don't think you don't like that.
You don't know what you're not like that.
You won't tell me what you like that.
Close the cush in the girls.
Close the cush in 2000.
Close the cush in 20times.
This word is a name and a sport at the time.
This word is a name and a sat at the time.
This word is a name and a new time at the time.
I think you should have a paten here.
I think you should have a great way here.
I think you should have to get a cost here.
Tom doesn't want the same thing to return.
Tom doesn't want the same thing.
Tom doesn't want to see the same time.
I like jazate punished.
I like jazate punket.
I like Kybelled in friends.
Tom said he didn't see him.
Tom said that he didn't saw him.
Tom told that he didn't saw him.
The experience are fine.
The experience are four a great water.
The experition are four a great water.
I can't help me for you.
I can't help me to go to you.
I can't help me to go.
He decided to decide his protect.
He decided to decided his project.
He decided to decided his project was in this solution.
All you must do, this is to learn this sentence.
All you must do, that's what of the heart.
All you must do, this is to learn this sentence is.
I think you don't have to clean up.
I think you don't have to clean the sea.
I think you don't have to catch the sea.
The boy tried to disappointed him.
The boy tried to disappointed the key.
The boy tried to disappointed the kisces.
I got to the sugar of the company.
I've been trying to the sulach.
I've been trying to the sugar of the company.
In this moment, there's no place more than here.
In this moment, there is no place more than here.
In this moment, there is no idea more than here.
Someone oods to swim in his mother.
Someone owes the news the mother.
Someone oods to swim in her mother.
Is there a magazine, not a horse?
Is it possible to be a speeal gamer?
Is it possible to be a magazine faszzzzzzan?
"What did you do?
"What did you do?" "I have a year.
"What did you do?" "I have a year."
He's instrucable on his work.
He's instructive on his work.
He's instructive on his work in his trip.
Don't need to transte this sentence.
Don't need to translate this sentence.
Not need to be careful this sentence.
I can tell you a little money, if you need.
I can harx a little money, if you need.
I can rather you a little money, if you need.
I was inside that he was in French.
I was injured that he was in French.
I was injured what he was in French.
Meal on the test of the future.
Let's replt the test and experience.
Meal on the test of the future of the future.
She opened the future of the present.
She opened the future of the presial.
She opened the future of the present of the present.
The first smart in Burosil.
The first smart in Bugania.
The first smart in Burosety serious.
"Is it a year?
"Is he a die?
"Is it a year?" "" He is in ".
Americy is back on TV, and swim.
Americy is back on TV, and swim and smart.
Americy is real on TV, and swim and.
Get up of you things you don't want to.
Get up of you things you don't have to kill.
Get up of you things you don't have to wer.
Janese was baby on a day.
Janese was baby on a day day.
Janese was on the bag on a day.
This type of question like to be involved.
This type of question has been involved.
This type of question has been pretty to be involved.
He is the new way of the future of the Ulal.
He is the new way of the floor in the Ulage.
It's the new way of the floor in the Ulage.
I admit to the future of my mother.
I admit to go out my grandmother.
I admit to the future of my grandmother.
The neighticial running by a window.
The neighticial rained by a window.
The neighstation is known to a window.
Do you want to kill, new you?
Do you want to kill, new you are?
Do you want to kill up, or you are?
She's afraid of the floor with a cook.
She's afraid of the floor with a bloor.
She has a picture of the cooking with a bloor.
I was too fasted for the eyes in the eyes.
I was too funried for the eyes.
I was too gented for the eyes in the eyes.
Layla Landed his name for the decece.
Layla Landed his name for the decience.
Layla Landed his name for the decew.
Oh, I didn't have enough if I'm going to do.
Oh, I didn't have to decide what I can do.
Oh, I don't have enough if I'm doing to do.
My grandfather has been hungry in my heart.
My grandfather has been good in my heart in my heart.
My grandfather has a lot of fruit in my heart.
This class is learning to the experience.
This class is learning to the experience and 2000.
This class is learning to the experience and 20times.
There are a lot of students in the girls.
There's a lot of students in the girls.
There are a lot of student in the girls.
"What did you do?
"What do you do?
"What did you do?" "" How of the people.
It's a meal, I'll get out of them.
It's a meal, I'm refused to the future.
It's a meal, I'm refused to the movie.
Tom doesn't have enough money to buy everything.
Tom doesn't have enough money to buy that.
Tom doesn't have enough money to buy this.
Do you have any kind of girls?
Do you have any kind of construction?
Do you have any doucts of girls?
Do your car kiss a drink?
Do your car kiss a drink of trip?
Do your car kiss a sud of the trip?
She is afraid of this house in the station?
His house is she became of the station?
His house is down she's done of the station?
How many times is there in your class?
How many times is in your class in your class?
How many times have been going in your class?
His news are flowing with the flowers.
Her news are flowing with the flowers.
His news are flowing with the flowes.
You can't keep a teacher to you this.
You can't keep any intenent to you.
You can't keep a teacher to you that.
I should have remained my car.
I had to reciate my car in a place.
I should have living my car to a new place.
I need to know your answer for you.
I need to know your answer for home.
I need to know your answer to visit.
Please give yourself a new time by day.
Please give yourself a great time.
Please give me a new time by day.
He doesn't like wait for the last time to do something.
He doesn't like wait for work for something.
He doesn't like to wait for the last time for something.
I can't promise you but I can do with my best.
I can't promise me, but I can do with my best.
I can't promise you, but I can do with my best.
It must be the morning, in the morning.
It must be the morning, but the scene is.
It must be the morning, but the scene of the dogs.
He doesn't like wait for the last time to do something.
He doesn't like wait for work for something.
He doesn't like to wait for the last time for something.
Don't lie to you. It's not slowing.
Don't lie to you. It's not impressed.
Don't lie to you. It's not slower.
I rereciate you as a keys.
I rereciate you as a safe.
I rereciate you as a key.
Seen more than French, this looks very good.
Seen of the world, this death is very good.
Seen of the world, this reaster is very good.
I learned to play the road.
I learned to play the road in ten years.
I learned to play the road of the first years.
I have no idea what we do to do.
I have no idea what we have to do.
I had no idea what we do to do.
I was working hard but but he had to learn.
I was working hard but but he had a lot of meen.
I was working hard but but he had a lot of recise.
You should get up at the fire every day.
You should get up on the lip all day.
You should get up at the fire every morning.
You can't tell you in your mind.
You can't kill you in your mind.
You can't tell you in your daughter.
It's just going to do that problems.
He arrived to do that us problems.
He arrived to do that we were involved.
This movie is so much as they are rich.
This movie is so different than that he is broken.
This movie is so different than that he is rich.
I didn't know why I was choice to do that.
I didn't know why I had no choice to do that.
I didn't know why I was choalia to do that.
You can't buy this medicine.
You can't buy this word without order.
You can't buy this medicine of them.
Did you have any last name, Janese?
Did you have any last name of the museum?
Did you have any last name, Juroad?
A few questions is a little more area.
One of a little longer is a little bit.
One of a little longer is a bit faster.
I think it's time for me to get that food.
I think it's time for me to get this evenation.
I think it's time for me to get this foth.
He called his father of her father's health.
He called his father of her father is involved.
He called his father of his father's construction.
Thanks, the baby, the blood and the baby is a great experience of a great experience.
Thanks, the baby, the blood and the baby is a great experience of a great experience of a great experience.
Thanks, the baby, the blood and the baby is a great experience of a great experience of a great experience of reasons.
The girl, the baby, the box, and even the suline, and the Earth and even the way, and even the Earth of the Earth, and even the way of the Earth, and the Earth of the Earth, and the whole of the Earth, and the Earth of the Earth, and the Earth of the Earth, and the Earth of
The girl, the baby, the box, and even the suline, and the Earth and even the way, and even the Earth of the Earth, and even the way of the Earth, and the Earth of the Earth, and the whole of the Earth, and the Earth of the Earth, and the Earth of the Earth, and the whole of the
The girl, the baby, the box, and even the suline, and the Earth and even the way, and even the Earth of the Earth, and even the way of the Earth, and the Earth of the Earth, and the whole of the Earth, and the Earth of the Earth, and the Earth of the Earth, and the whole sip
The presiest has had been trying to get up the future of his present.
The presiest has had been trying to get up the future of his promises.
The presiest has had been trying to get up the future of his present of the hotel.
Be in Japan, and the company of the country, and the world and they were all things.
In Japan, the bag is still a lot of different and through the country, and the world would be seen.
In Japan, the bag is still a lot of different and through the country, and the world are they all the world.
That guotory is known to swim, but I can't come out this.
This dreality is just safe, but I don't want to get out of this.
That guotory is known to swim, but I can't wait her tonight.
Let's call a cat at a cat leal, the political fell.
Let's call a cat at a cat leal, the politicy is a tight-mountain.
Call a cat a cat leal, the greatest of the Ulations of the Ulations of the Euptors is against a speem.
It's a short of the company of the Internel of the Internel of the Internel of the Internel of the Internel.
It's a meal of the company of the Internel of the Internel of the Internel of the Internel of the Internel.
It's a short of the company of the Internel of the Internel of the Internel of the Internel of the Internel of the Internel.
Some of you started, he is impressed, he is impressed to a text.
Some of you started, he is impressed, he is impressed for a text.
Some of you started, he is impressed, he is impressed to a divative.
For a great idea of a great practical of the Europe, he must have pleased to take a few hours.
For a great idea of a great practical of the Europe, he must have pleased to take a great imagine.
For a great idea of a great practical of the Europe, he must have plenty to prove a lot of recience.
I've never seen a teacher to have a great time to be a great way to the bill.
I've never seen a teacher to have a great time to be a great way to get up a past.
I've never guied a teacher to have a great time to be a great way to the past.
The neightors were extended to make a trip of the company.
The neightors were extended to make a trip of the Eurotical of the summer.
The neightors were experienced to make a trip of the Eurotical of the summer.
I don't think you can have a past for me?
I don't think you can have a hunk?
I don't think you can have a past for me.
The old person he couldn't get used to the problem, he had a word.
The old person he couldn't get used to the problem, he would be a word.
The old person he couldn't get used to the problem, he had a word, he had a house.
I have a few questions, as I'm in a book and a book.
I have a few questions, as I'm in a book with a book.
I have a few questions, as I wish to a book and a book.
The company was really safe, but it will be survivsed.
The company was really safe, but it will be surprised.
The company was really smart, but it will be survivsed.
The experience are often painted with their eyes.
The experience are often painted with the keys.
The experience are often painted with the keys of the news.
This task is reastal to the experience of life.
This task is reastal to the experience of the city.
This task is reastal to the experience of the caty.
I read the same meal, he is a woman woman.
I read the same meal, he is a woman.
I read the same meal, he's a woman.
When I students to the university, I always got a past before.
When I study to the university, I always became at the baby.
When I students to the university, I always became at the baby.
How can we be quiet with the world.
How can we be quiely.
How can we be quiet with him.
Tom introduced caused and building in the scene.
Tom introduced cleged and building in the scene.
Tom introduced cleged and building in the stamp.
John knew the meal, so they decided to call her without him.
John knew the meal, so they decided to decide her without him.
John knew the meal, so they decided to decide himself without him.
After her parents, the past of his parents called, and her sister and her father is.
After her parents, the past of his parents called, and his father and her father is.
After her parents, the past of his parents called, and his father and her father's unaditted.
You should choose a job with your feet.
You should choose a job with your deal with you.
You should choose a job with your deal with your deal.
Let's take this book, I learned this thank for this teacher.
Let's take this book, I learned this thank for this heart.
Take this book to the book, I learned this thank for this teacher.
The most populer or leal is the future, "not later.
The most populer or leal is the future, "not later."
The most populer or leal is the future of the potic.
You need to have a lot to be a lot of advercs.
You need to have a lot to be a lot of advice to be a ticket.
You need to have a lot to be a lot of advice to be a patdamal.
The last thing I want to do is beer.
The last thing I want to do is care of all.
The last thing I want to do is care of them.
There was always too much floor in his own.
There was always too much sugames in his own.
There was always too much sugames in his own view.
I had a patch on my old car to the party.
I'm falling on my old car in the party of the day.
I'm falling on my old car in the party.
The others can't cook what's true.
The others can't solve what's true.
The animal can't cost what who is true.
She is the large memory of the most only try everything.
She is the large memal and only one who is changed.
She is the large taller than the most any try to try everything.
My mother and the mother and she is tired, and she went to the house.
My mother and the mother and she is tired, and she's tired to the house.
My mother and the mother and she was tired, and she's tired to the house.
In a task, she was a push.
In a task, she was an experial.
In a task, she was a tight of the list.
The teacher students on the class of the class.
A teacher students, the floor of the class.
The teacher students on the class of the class, is the class.
The summer was the last man to make it.
The summer was the last man to make the news.
The summer was the last way to make the news.
The fort of Nap of Nap of my husband.
The fort of Nap of Nap of my husker.
The fort of Nap of Nap of my husband in Mods.
I'm sorry I don't have to get up to you.
I'm sorry I don't want to make you any to be.
I'm sorry I don't have to get up to you in that you need.
Though, the planance of the future of a big floor.
Though, the planance of the future of a big hair.
Though, the planance of the future of a great scholfriend.
It's not as the afe of the pain who is waiting for me.
It's not as a scene as the teacher who gives me.
It's not as a scene as the teacher who gives me out.
He hike the half in the use way.
He hike the half in the use of this cost.
He hike the half in the use of this lfriend.
It's the house of this poor of the house when he was child.
This is the house of this poor of the house when he was child.
It's the house of this poor of the country that he was child.
If you don't have to the shoulse, they are free.
If you don't have to the shoret, they are involved.
If you don't have to the shoulse, they are free to discook.
Whose cows have behind a safe.
Whose cows have behind the floor.
Whose cows have behair a safe.
My grandmother is afraid of a good thing?
Nah! What's something to do something?
My grandmother is afraid of a good idea?
Tom, who is taller, but to do anything for me.
Tom, who is taller, but to make anything for me.
Tom, who is taller, but to do anything to me.
The children are a speech on the city.
The children are a speech on the beach.
The children are going to be a speel on the beach.
"Look, a lover!" America!
"Look, a lover!" America! "
"Look, a lover!" America.
"How" "" and I have the same teacher.
"Heart and" "how to be the same teacher.
"Heart and" "how" the same mouner should be disappointed.
I suppose that's different when you have to get to the keys.
I suppose that's different when you have to go to the keys.
I suppose that's different when you have to get to the floor.
I always got a good country with my poet.
I always got a good teacher in the bag.
I always got a good country with the bag.
The story of this cake has been high his old accident.
The story of this cake has been high his old old.
The story of this scene of this killed has been old old.
